

Started GET "/" for 31.214.137.130 at 2018-04-18 09:04:12 +0000
Cannot render console from 31.214.137.130! Allowed networks: 127.0.0.1, ::1, 127.0.0.0/127.255.255.255

SyntaxError (/home/ubuntu/workspace/app/controllers/tests_controller.rb:4: syntax error, unexpected ':', expecting '}'
    render {asd: 1}
                ^):
  app/controllers/tests_controller.rb:4: syntax error, unexpected ':', expecting '}'


  Rendered /usr/local/rvm/gems/ruby-2.3.4/gems/actionpack-4.2.5/lib/action_dispatch/middleware/templates/rescues/_source.erb (5.4ms)
  Rendered /usr/local/rvm/gems/ruby-2.3.4/gems/actionpack-4.2.5/lib/action_dispatch/middleware/templates/rescues/_trace.html.erb (2.8ms)
  Rendered /usr/local/rvm/gems/ruby-2.3.4/gems/actionpack-4.2.5/lib/action_dispatch/middleware/templates/rescues/_request_and_response.html.erb (14.9ms)
  Rendered /usr/local/rvm/gems/ruby-2.3.4/gems/actionpack-4.2.5/lib/action_dispatch/middleware/templates/rescues/diagnostics.html.erb within rescues/layout (63.8ms)


Started GET "/" for 31.214.137.130 at 2018-04-18 09:04:33 +0000
Cannot render console from 31.214.137.130! Allowed networks: 127.0.0.1, ::1, 127.0.0.0/127.255.255.255

AbstractController::ActionNotFound (The action 'index' could not be found for TestsController):
  actionpack (4.2.5) lib/abstract_controller/base.rb:132:in `process'
  actionview (4.2.5) lib/action_view/rendering.rb:30:in `process'
  actionpack (4.2.5) lib/action_controller/metal.rb:196:in `dispatch'
  actionpack (4.2.5) lib/action_controller/metal/rack_delegation.rb:13:in `dispatch'
  actionpack (4.2.5) lib/action_controller/metal.rb:237:in `block in action'
  actionpack (4.2.5) lib/action_dispatch/routing/route_set.rb:76:in `dispatch'
  actionpack (4.2.5) lib/action_dispatch/routing/route_set.rb:45:in `serve'
  actionpack (4.2.5) lib/action_dispatch/journey/router.rb:43:in `block in serve'
  actionpack (4.2.5) lib/action_dispatch/journey/router.rb:30:in `each'
  actionpack (4.2.5) lib/action_dispatch/journey/router.rb:30:in `serve'
  actionpack (4.2.5) lib/action_dispatch/routing/route_set.rb:817:in `call'
  rack (1.6.8) lib/rack/etag.rb:24:in `call'
  rack (1.6.8) lib/rack/conditionalget.rb:25:in `call'
  rack (1.6.8) lib/rack/head.rb:13:in `call'
  actionpack (4.2.5) lib/action_dispatch/middleware/params_parser.rb:27:in `call'
  actionpack (4.2.5) lib/action_dispatch/middleware/flash.rb:260:in `call'
  rack (1.6.8) lib/rack/session/abstract/id.rb:225:in `context'
  rack (1.6.8) lib/rack/session/abstract/id.rb:220:in `call'
  actionpack (4.2.5) lib/action_dispatch/middleware/cookies.rb:560:in `call'
  activerecord (4.2.5) lib/active_record/query_cache.rb:36:in `call'
  activerecord (4.2.5) lib/active_record/connection_adapters/abstract/connection_pool.rb:653:in `call'
  activerecord (4.2.5) lib/active_record/migration.rb:377:in `call'
  actionpack (4.2.5) lib/action_dispatch/middleware/callbacks.rb:29:in `block in call'
  activesupport (4.2.5) lib/active_support/callbacks.rb:88:in `__run_callbacks__'
  activesupport (4.2.5) lib/active_support/callbacks.rb:778:in `_run_call_callbacks'
  activesupport (4.2.5) lib/active_support/callbacks.rb:81:in `run_callbacks'
  actionpack (4.2.5) lib/action_dispatch/middleware/callbacks.rb:27:in `call'
  actionpack (4.2.5) lib/action_dispatch/middleware/reloader.rb:73:in `call'
  actionpack (4.2.5) lib/action_dispatch/middleware/remote_ip.rb:78:in `call'
  actionpack (4.2.5) lib/action_dispatch/middleware/debug_exceptions.rb:17:in `call'
  web-console (2.3.0) lib/web_console/middleware.rb:20:in `block in call'
  web-console (2.3.0) lib/web_console/middleware.rb:18:in `catch'
  web-console (2.3.0) lib/web_console/middleware.rb:18:in `call'
  actionpack (4.2.5) lib/action_dispatch/middleware/show_exceptions.rb:30:in `call'
  railties (4.2.5) lib/rails/rack/logger.rb:38:in `call_app'
  railties (4.2.5) lib/rails/rack/logger.rb:20:in `block in call'
  activesupport (4.2.5) lib/active_support/tagged_logging.rb:68:in `block in tagged'
  activesupport (4.2.5) lib/active_support/tagged_logging.rb:26:in `tagged'
  activesupport (4.2.5) lib/active_support/tagged_logging.rb:68:in `tagged'
  railties (4.2.5) lib/rails/rack/logger.rb:20:in `call'
  actionpack (4.2.5) lib/action_dispatch/middleware/request_id.rb:21:in `call'
  rack (1.6.8) lib/rack/methodoverride.rb:22:in `call'
  rack (1.6.8) lib/rack/runtime.rb:18:in `call'
  activesupport (4.2.5) lib/active_support/cache/strategy/local_cache_middleware.rb:28:in `call'
  rack (1.6.8) lib/rack/lock.rb:17:in `call'
  actionpack (4.2.5) lib/action_dispatch/middleware/static.rb:116:in `call'
  rack (1.6.8) lib/rack/sendfile.rb:113:in `call'
  railties (4.2.5) lib/rails/engine.rb:518:in `call'
  railties (4.2.5) lib/rails/application.rb:165:in `call'
  rack (1.6.8) lib/rack/lock.rb:17:in `call'
  rack (1.6.8) lib/rack/content_length.rb:15:in `call'
  rack (1.6.8) lib/rack/handler/webrick.rb:88:in `service'
  /usr/local/rvm/rubies/ruby-2.3.4/lib/ruby/2.3.0/webrick/httpserver.rb:140:in `service'
  /usr/local/rvm/rubies/ruby-2.3.4/lib/ruby/2.3.0/webrick/httpserver.rb:96:in `run'
  /usr/local/rvm/rubies/ruby-2.3.4/lib/ruby/2.3.0/webrick/server.rb:296:in `block in start_thread'


  Rendered /usr/local/rvm/gems/ruby-2.3.4/gems/actionpack-4.2.5/lib/action_dispatch/middleware/templates/rescues/unknown_action.html.erb within rescues/layout (1.4ms)


Started GET "/" for 31.214.137.130 at 2018-04-18 09:04:41 +0000
Cannot render console from 31.214.137.130! Allowed networks: 127.0.0.1, ::1, 127.0.0.0/127.255.255.255
Processing by TestsController#index as HTML
Completed 200 OK in 1ms (Views: 0.3ms | ActiveRecord: 0.0ms)


Started GET "/" for 31.214.137.130 at 2018-04-18 09:05:40 +0000
Cannot render console from 31.214.137.130! Allowed networks: 127.0.0.1, ::1, 127.0.0.0/127.255.255.255
Processing by TestsController#index as HTML
Completed 200 OK in 1ms (Views: 0.2ms | ActiveRecord: 0.0ms)


Started GET "/tests" for 31.214.137.130 at 2018-04-18 09:05:51 +0000
Cannot render console from 31.214.137.130! Allowed networks: 127.0.0.1, ::1, 127.0.0.0/127.255.255.255
Processing by TestsController#index as JPEG
Completed 200 OK in 1ms (Views: 0.3ms | ActiveRecord: 0.0ms)


Started GET "/tests" for 31.214.137.130 at 2018-04-18 09:06:00 +0000
Cannot render console from 31.214.137.130! Allowed networks: 127.0.0.1, ::1, 127.0.0.0/127.255.255.255
Processing by TestsController#index as JSON
Completed 200 OK in 1ms (Views: 0.3ms | ActiveRecord: 0.0ms)


Started GET "/tests.dupa" for 31.214.137.130 at 2018-04-18 09:06:21 +0000
Cannot render console from 31.214.137.130! Allowed networks: 127.0.0.1, ::1, 127.0.0.0/127.255.255.255
Processing by TestsController#index as 
Completed 200 OK in 1ms (Views: 0.2ms | ActiveRecord: 0.0ms)


Started GET "/tests.xml" for 31.214.137.130 at 2018-04-18 09:06:24 +0000
Cannot render console from 31.214.137.130! Allowed networks: 127.0.0.1, ::1, 127.0.0.0/127.255.255.255
Processing by TestsController#index as XML
Completed 200 OK in 1ms (Views: 0.2ms | ActiveRecord: 0.0ms)


Started GET "/tests.xml" for 31.214.137.130 at 2018-04-18 09:07:04 +0000
Cannot render console from 31.214.137.130! Allowed networks: 127.0.0.1, ::1, 127.0.0.0/127.255.255.255
Processing by TestsController#index as XML
Completed 200 OK in 1ms (Views: 0.2ms | ActiveRecord: 0.0ms)


Started GET "/tests.xml" for 31.214.137.130 at 2018-04-18 09:07:16 +0000
Cannot render console from 31.214.137.130! Allowed networks: 127.0.0.1, ::1, 127.0.0.0/127.255.255.255
Processing by TestsController#index as XML
Completed 200 OK in 1ms (Views: 0.2ms | ActiveRecord: 0.0ms)


Started GET "/tests.xml" for 31.214.137.130 at 2018-04-18 09:08:00 +0000
Cannot render console from 31.214.137.130! Allowed networks: 127.0.0.1, ::1, 127.0.0.0/127.255.255.255
Processing by TestsController#index as XML
Completed 404 Not Found in 1ms (Views: 0.2ms | ActiveRecord: 0.0ms)


Started GET "/tests.xml" for 31.214.137.130 at 2018-04-18 09:08:12 +0000
Cannot render console from 31.214.137.130! Allowed networks: 127.0.0.1, ::1, 127.0.0.0/127.255.255.255
Processing by TestsController#index as XML
Completed 500 Internal Server Error in 1ms (Views: 0.2ms | ActiveRecord: 0.0ms)


Started GET "/tests.xml" for 31.214.137.130 at 2018-04-18 09:10:30 +0000
Cannot render console from 31.214.137.130! Allowed networks: 127.0.0.1, ::1, 127.0.0.0/127.255.255.255
Processing by TestsController#index as XML
Completed 200 OK in 1ms (Views: 0.2ms | ActiveRecord: 0.0ms)


Started GET "/tests.xml" for 31.214.137.130 at 2018-04-18 09:29:41 +0000
Cannot render console from 31.214.137.130! Allowed networks: 127.0.0.1, ::1, 127.0.0.0/127.255.255.255
Processing by TestsController#index as XML
Completed 200 OK in 1ms (Views: 0.2ms | ActiveRecord: 0.0ms)


Started GET "/tests.xml" for 31.214.137.130 at 2018-04-18 09:29:58 +0000
Cannot render console from 31.214.137.130! Allowed networks: 31.214.137.130, 127.0.0.0/127.255.255.255, ::1
Processing by TestsController#index as XML
Completed 200 OK in 12ms (Views: 0.3ms | ActiveRecord: 0.0ms)


Started GET "/tests.xml" for 31.214.137.130 at 2018-04-18 09:31:06 +0000
Cannot render console from 31.214.137.130! Allowed networks: 31.214.137.130, 127.0.0.0/127.255.255.255, ::1
Processing by TestsController#index as XML
Completed 200 OK in 1ms (Views: 0.3ms | ActiveRecord: 0.0ms)


Started GET "/tests.xml" for 31.214.137.130 at 2018-04-18 09:34:16 +0000
Cannot render console from 31.214.137.130! Allowed networks: 31.214.137.130, 127.0.0.0/127.255.255.255, ::1
Processing by TestsController#index as XML
Completed 200 OK in 1ms (Views: 0.2ms | ActiveRecord: 0.0ms)


Started GET "/tests.xml" for 31.214.137.130 at 2018-04-18 09:34:33 +0000
Processing by TestsController#index as XML
Completed 200 OK in 11ms (Views: 0.5ms | ActiveRecord: 0.0ms)


Started GET "/tests.xml" for 31.214.137.130 at 2018-04-18 09:34:36 +0000
Processing by TestsController#index as XML
Completed 200 OK in 1ms (Views: 0.2ms | ActiveRecord: 0.0ms)


Started GET "/tests.xml" for 31.214.137.130 at 2018-04-18 09:34:48 +0000
Processing by TestsController#index as XML
Completed 200 OK in 1ms (Views: 0.2ms | ActiveRecord: 0.0ms)


Started GET "/tests" for 31.214.137.130 at 2018-04-18 09:34:52 +0000
Processing by TestsController#index as JSON
Completed 200 OK in 1ms (Views: 0.2ms | ActiveRecord: 0.0ms)


Started GET "/tests1" for 31.214.137.130 at 2018-04-18 09:38:00 +0000

ActionController::RoutingError (No route matches [GET] "/tests1"):
  actionpack (4.2.5) lib/action_dispatch/middleware/debug_exceptions.rb:21:in `call'
  web-console (2.3.0) lib/web_console/middleware.rb:20:in `block in call'
  web-console (2.3.0) lib/web_console/middleware.rb:18:in `catch'
  web-console (2.3.0) lib/web_console/middleware.rb:18:in `call'
  actionpack (4.2.5) lib/action_dispatch/middleware/show_exceptions.rb:30:in `call'
  railties (4.2.5) lib/rails/rack/logger.rb:38:in `call_app'
  railties (4.2.5) lib/rails/rack/logger.rb:20:in `block in call'
  activesupport (4.2.5) lib/active_support/tagged_logging.rb:68:in `block in tagged'
  activesupport (4.2.5) lib/active_support/tagged_logging.rb:26:in `tagged'
  activesupport (4.2.5) lib/active_support/tagged_logging.rb:68:in `tagged'
  railties (4.2.5) lib/rails/rack/logger.rb:20:in `call'
  actionpack (4.2.5) lib/action_dispatch/middleware/request_id.rb:21:in `call'
  rack (1.6.8) lib/rack/methodoverride.rb:22:in `call'
  rack (1.6.8) lib/rack/runtime.rb:18:in `call'
  activesupport (4.2.5) lib/active_support/cache/strategy/local_cache_middleware.rb:28:in `call'
  rack (1.6.8) lib/rack/lock.rb:17:in `call'
  actionpack (4.2.5) lib/action_dispatch/middleware/static.rb:116:in `call'
  rack (1.6.8) lib/rack/sendfile.rb:113:in `call'
  railties (4.2.5) lib/rails/engine.rb:518:in `call'
  railties (4.2.5) lib/rails/application.rb:165:in `call'
  rack (1.6.8) lib/rack/lock.rb:17:in `call'
  rack (1.6.8) lib/rack/content_length.rb:15:in `call'
  rack (1.6.8) lib/rack/handler/webrick.rb:88:in `service'
  /usr/local/rvm/rubies/ruby-2.3.4/lib/ruby/2.3.0/webrick/httpserver.rb:140:in `service'
  /usr/local/rvm/rubies/ruby-2.3.4/lib/ruby/2.3.0/webrick/httpserver.rb:96:in `run'
  /usr/local/rvm/rubies/ruby-2.3.4/lib/ruby/2.3.0/webrick/server.rb:296:in `block in start_thread'


  Rendered /usr/local/rvm/gems/ruby-2.3.4/gems/actionpack-4.2.5/lib/action_dispatch/middleware/templates/rescues/_trace.html.erb (3.1ms)
  Rendered /usr/local/rvm/gems/ruby-2.3.4/gems/actionpack-4.2.5/lib/action_dispatch/middleware/templates/routes/_route.html.erb (1.4ms)
  Rendered /usr/local/rvm/gems/ruby-2.3.4/gems/actionpack-4.2.5/lib/action_dispatch/middleware/templates/routes/_table.html.erb (20.7ms)
  Rendered /usr/local/rvm/gems/ruby-2.3.4/gems/actionpack-4.2.5/lib/action_dispatch/middleware/templates/rescues/_request_and_response.html.erb (1.8ms)
  Rendered /usr/local/rvm/gems/ruby-2.3.4/gems/actionpack-4.2.5/lib/action_dispatch/middleware/templates/rescues/routing_error.html.erb within rescues/layout (95.8ms)


Started GET "/tests1" for 31.214.137.130 at 2018-04-18 09:46:27 +0000

ActionController::RoutingError (No route matches [GET] "/tests1"):
  actionpack (4.2.5) lib/action_dispatch/middleware/debug_exceptions.rb:21:in `call'
  web-console (2.3.0) lib/web_console/middleware.rb:20:in `block in call'
  web-console (2.3.0) lib/web_console/middleware.rb:18:in `catch'
  web-console (2.3.0) lib/web_console/middleware.rb:18:in `call'
  actionpack (4.2.5) lib/action_dispatch/middleware/show_exceptions.rb:30:in `call'
  railties (4.2.5) lib/rails/rack/logger.rb:38:in `call_app'
  railties (4.2.5) lib/rails/rack/logger.rb:20:in `block in call'
  activesupport (4.2.5) lib/active_support/tagged_logging.rb:68:in `block in tagged'
  activesupport (4.2.5) lib/active_support/tagged_logging.rb:26:in `tagged'
  activesupport (4.2.5) lib/active_support/tagged_logging.rb:68:in `tagged'
  railties (4.2.5) lib/rails/rack/logger.rb:20:in `call'
  actionpack (4.2.5) lib/action_dispatch/middleware/request_id.rb:21:in `call'
  rack (1.6.8) lib/rack/methodoverride.rb:22:in `call'
  rack (1.6.8) lib/rack/runtime.rb:18:in `call'
  activesupport (4.2.5) lib/active_support/cache/strategy/local_cache_middleware.rb:28:in `call'
  rack (1.6.8) lib/rack/lock.rb:17:in `call'
  actionpack (4.2.5) lib/action_dispatch/middleware/static.rb:116:in `call'
  rack (1.6.8) lib/rack/sendfile.rb:113:in `call'
  railties (4.2.5) lib/rails/engine.rb:518:in `call'
  railties (4.2.5) lib/rails/application.rb:165:in `call'
  rack (1.6.8) lib/rack/lock.rb:17:in `call'
  rack (1.6.8) lib/rack/content_length.rb:15:in `call'
  rack (1.6.8) lib/rack/handler/webrick.rb:88:in `service'
  /usr/local/rvm/rubies/ruby-2.3.4/lib/ruby/2.3.0/webrick/httpserver.rb:140:in `service'
  /usr/local/rvm/rubies/ruby-2.3.4/lib/ruby/2.3.0/webrick/httpserver.rb:96:in `run'
  /usr/local/rvm/rubies/ruby-2.3.4/lib/ruby/2.3.0/webrick/server.rb:296:in `block in start_thread'


  Rendered /usr/local/rvm/gems/ruby-2.3.4/gems/actionpack-4.2.5/lib/action_dispatch/middleware/templates/rescues/_trace.html.erb (2.3ms)
  Rendered /usr/local/rvm/gems/ruby-2.3.4/gems/actionpack-4.2.5/lib/action_dispatch/middleware/templates/routes/_route.html.erb (1.1ms)
  Rendered /usr/local/rvm/gems/ruby-2.3.4/gems/actionpack-4.2.5/lib/action_dispatch/middleware/templates/routes/_table.html.erb (1.5ms)
  Rendered /usr/local/rvm/gems/ruby-2.3.4/gems/actionpack-4.2.5/lib/action_dispatch/middleware/templates/rescues/_request_and_response.html.erb (1.6ms)
  Rendered /usr/local/rvm/gems/ruby-2.3.4/gems/actionpack-4.2.5/lib/action_dispatch/middleware/templates/rescues/routing_error.html.erb within rescues/layout (42.4ms)


Started GET "/tests" for 31.214.137.130 at 2018-04-18 09:46:31 +0000
Processing by TestsController#index as JSON
Completed 200 OK in 1ms (Views: 0.4ms | ActiveRecord: 0.0ms)


Started GET "/tests" for 31.214.137.130 at 2018-04-18 09:46:40 +0000
Processing by TestsController#index as JSON
Completed 500 Internal Server Error in 1ms (Views: 0.2ms | ActiveRecord: 0.0ms)


Started GET "/tests" for 31.214.137.130 at 2018-04-18 09:47:53 +0000
Processing by TestsController#index as JSON
Completed 500 Internal Server Error in 1ms (Views: 0.4ms | ActiveRecord: 0.0ms)


Started GET "/tests?mysomething" for 31.214.137.130 at 2018-04-18 09:49:18 +0000
Processing by TestsController#index as JSON
  Parameters: {"mysomething"=>nil}
Completed 500 Internal Server Error in 1ms (Views: 0.2ms | ActiveRecord: 0.0ms)


Started GET "/tests?mysomething=haha" for 31.214.137.130 at 2018-04-18 09:49:26 +0000
Processing by TestsController#index as JSON
  Parameters: {"mysomething"=>"haha"}
Completed 500 Internal Server Error in 1ms (Views: 0.2ms | ActiveRecord: 0.0ms)
  [1m[36m (15.8ms)[0m  [1mCREATE TABLE "schema_migrations" ("version" varchar NOT NULL) [0m
  [1m[35m (0.2ms)[0m  select sqlite_version(*)
  [1m[36m (10.7ms)[0m  [1mCREATE UNIQUE INDEX "unique_schema_migrations" ON "schema_migrations" ("version")[0m
  [1m[35mActiveRecord::SchemaMigration Load (0.2ms)[0m  SELECT "schema_migrations".* FROM "schema_migrations"
  [1m[36mActiveRecord::SchemaMigration Load (0.1ms)[0m  [1mSELECT "schema_migrations".* FROM "schema_migrations"[0m
Migrating to CreateUsers (20180418095320)
  [1m[35m (0.1ms)[0m  begin transaction
  [1m[36m (0.6ms)[0m  [1mCREATE TABLE "users" ("id" INTEGER PRIMARY KEY AUTOINCREMENT NOT NULL, "email" varchar NOT NULL, "admin" boolean DEFAULT 'f' NOT NULL, "created_at" datetime NOT NULL, "updated_at" datetime NOT NULL) [0m
  [1m[35mSQL (0.2ms)[0m  INSERT INTO "schema_migrations" ("version") VALUES (?)  [["version", "20180418095320"]]
  [1m[36m (14.3ms)[0m  [1mcommit transaction[0m
  [1m[35mActiveRecord::SchemaMigration Load (0.1ms)[0m  SELECT "schema_migrations".* FROM "schema_migrations"
  [1m[36mActiveRecord::SchemaMigration Load (0.2ms)[0m  [1mSELECT "schema_migrations".* FROM "schema_migrations"[0m
  [1m[35mUser Load (0.5ms)[0m  SELECT  "users".* FROM "users" WHERE "users"."email" = ? LIMIT 1  [["email", "qwe0@qwe.qwe"]]
  [1m[36m (0.1ms)[0m  [1mbegin transaction[0m
  [1m[35mSQL (0.4ms)[0m  INSERT INTO "users" ("email", "created_at", "updated_at") VALUES (?, ?, ?)  [["email", "qwe0@qwe.qwe"], ["created_at", "2018-04-18 09:56:19.109362"], ["updated_at", "2018-04-18 09:56:19.109362"]]
  [1m[36m (18.6ms)[0m  [1mcommit transaction[0m
  [1m[35mUser Load (0.2ms)[0m  SELECT  "users".* FROM "users" WHERE "users"."email" = ? LIMIT 1  [["email", "qwe1@qwe.qwe"]]
  [1m[36m (0.1ms)[0m  [1mbegin transaction[0m
  [1m[35mSQL (0.3ms)[0m  INSERT INTO "users" ("email", "created_at", "updated_at") VALUES (?, ?, ?)  [["email", "qwe1@qwe.qwe"], ["created_at", "2018-04-18 09:56:19.131913"], ["updated_at", "2018-04-18 09:56:19.131913"]]
  [1m[36m (15.2ms)[0m  [1mcommit transaction[0m
  [1m[35mUser Load (0.2ms)[0m  SELECT  "users".* FROM "users" WHERE "users"."email" = ? LIMIT 1  [["email", "qwe2@qwe.qwe"]]
  [1m[36m (0.1ms)[0m  [1mbegin transaction[0m
  [1m[35mSQL (0.3ms)[0m  INSERT INTO "users" ("email", "created_at", "updated_at") VALUES (?, ?, ?)  [["email", "qwe2@qwe.qwe"], ["created_at", "2018-04-18 09:56:19.150664"], ["updated_at", "2018-04-18 09:56:19.150664"]]
  [1m[36m (13.7ms)[0m  [1mcommit transaction[0m
  [1m[35mUser Load (0.2ms)[0m  SELECT  "users".* FROM "users" WHERE "users"."email" = ? LIMIT 1  [["email", "qwe3@qwe.qwe"]]
  [1m[36m (0.1ms)[0m  [1mbegin transaction[0m
  [1m[35mSQL (0.5ms)[0m  INSERT INTO "users" ("email", "created_at", "updated_at") VALUES (?, ?, ?)  [["email", "qwe3@qwe.qwe"], ["created_at", "2018-04-18 09:56:19.167731"], ["updated_at", "2018-04-18 09:56:19.167731"]]
  [1m[36m (15.9ms)[0m  [1mcommit transaction[0m
  [1m[35mUser Load (0.2ms)[0m  SELECT  "users".* FROM "users" WHERE "users"."email" = ? LIMIT 1  [["email", "qwe4@qwe.qwe"]]
  [1m[36m (0.1ms)[0m  [1mbegin transaction[0m
  [1m[35mSQL (0.3ms)[0m  INSERT INTO "users" ("email", "created_at", "updated_at") VALUES (?, ?, ?)  [["email", "qwe4@qwe.qwe"], ["created_at", "2018-04-18 09:56:19.187232"], ["updated_at", "2018-04-18 09:56:19.187232"]]
  [1m[36m (14.8ms)[0m  [1mcommit transaction[0m
  [1m[35mUser Load (0.3ms)[0m  SELECT  "users".* FROM "users" WHERE "users"."email" = ? LIMIT 1  [["email", "qwe5@qwe.qwe"]]
  [1m[36m (0.1ms)[0m  [1mbegin transaction[0m
  [1m[35mSQL (0.3ms)[0m  INSERT INTO "users" ("email", "created_at", "updated_at") VALUES (?, ?, ?)  [["email", "qwe5@qwe.qwe"], ["created_at", "2018-04-18 09:56:19.205399"], ["updated_at", "2018-04-18 09:56:19.205399"]]
  [1m[36m (13.8ms)[0m  [1mcommit transaction[0m
  [1m[35mUser Load (0.2ms)[0m  SELECT  "users".* FROM "users" WHERE "users"."email" = ? LIMIT 1  [["email", "qwe6@qwe.qwe"]]
  [1m[36m (0.1ms)[0m  [1mbegin transaction[0m
  [1m[35mSQL (0.3ms)[0m  INSERT INTO "users" ("email", "created_at", "updated_at") VALUES (?, ?, ?)  [["email", "qwe6@qwe.qwe"], ["created_at", "2018-04-18 09:56:19.222685"], ["updated_at", "2018-04-18 09:56:19.222685"]]
  [1m[36m (15.7ms)[0m  [1mcommit transaction[0m
  [1m[35mUser Load (0.3ms)[0m  SELECT  "users".* FROM "users" WHERE "users"."email" = ? LIMIT 1  [["email", "qwe7@qwe.qwe"]]
  [1m[36m (0.1ms)[0m  [1mbegin transaction[0m
  [1m[35mSQL (0.8ms)[0m  INSERT INTO "users" ("email", "created_at", "updated_at") VALUES (?, ?, ?)  [["email", "qwe7@qwe.qwe"], ["created_at", "2018-04-18 09:56:19.242783"], ["updated_at", "2018-04-18 09:56:19.242783"]]
  [1m[36m (16.0ms)[0m  [1mcommit transaction[0m
  [1m[35mUser Load (0.3ms)[0m  SELECT  "users".* FROM "users" WHERE "users"."email" = ? LIMIT 1  [["email", "qwe8@qwe.qwe"]]
  [1m[36m (0.1ms)[0m  [1mbegin transaction[0m
  [1m[35mSQL (0.4ms)[0m  INSERT INTO "users" ("email", "created_at", "updated_at") VALUES (?, ?, ?)  [["email", "qwe8@qwe.qwe"], ["created_at", "2018-04-18 09:56:19.263697"], ["updated_at", "2018-04-18 09:56:19.263697"]]
  [1m[36m (15.3ms)[0m  [1mcommit transaction[0m
  [1m[35mUser Load (0.2ms)[0m  SELECT  "users".* FROM "users" WHERE "users"."email" = ? LIMIT 1  [["email", "qwe9@qwe.qwe"]]
  [1m[36m (0.1ms)[0m  [1mbegin transaction[0m
  [1m[35mSQL (0.3ms)[0m  INSERT INTO "users" ("email", "created_at", "updated_at") VALUES (?, ?, ?)  [["email", "qwe9@qwe.qwe"], ["created_at", "2018-04-18 09:56:19.282579"], ["updated_at", "2018-04-18 09:56:19.282579"]]
  [1m[36m (22.5ms)[0m  [1mcommit transaction[0m
  [1m[36mUser Load (0.2ms)[0m  [1mSELECT  "users".* FROM "users"  ORDER BY "users"."id" ASC LIMIT 1[0m
  [1m[35m (0.4ms)[0m  SELECT COUNT(*) FROM "users"
  [1m[36m (19.8ms)[0m  [1mCREATE TABLE "users" ("id" INTEGER PRIMARY KEY AUTOINCREMENT NOT NULL, "email" varchar NOT NULL, "admin" boolean DEFAULT 'f' NOT NULL, "created_at" datetime NOT NULL, "updated_at" datetime NOT NULL) [0m
  [1m[35m (13.5ms)[0m  CREATE TABLE "schema_migrations" ("version" varchar NOT NULL) 
  [1m[36m (0.2ms)[0m  [1mselect sqlite_version(*)[0m
  [1m[35m (14.7ms)[0m  CREATE UNIQUE INDEX "unique_schema_migrations" ON "schema_migrations" ("version")
  [1m[36m (0.4ms)[0m  [1mSELECT version FROM "schema_migrations"[0m
  [1m[35m (12.7ms)[0m  INSERT INTO "schema_migrations" (version) VALUES ('20180418095320')
  [1m[36m (15.6ms)[0m  [1mCREATE TABLE "users" ("id" INTEGER PRIMARY KEY AUTOINCREMENT NOT NULL, "email" varchar NOT NULL, "admin" boolean DEFAULT 'f' NOT NULL, "created_at" datetime NOT NULL, "updated_at" datetime NOT NULL) [0m
  [1m[35m (12.4ms)[0m  CREATE TABLE "schema_migrations" ("version" varchar NOT NULL) 
  [1m[36m (0.1ms)[0m  [1mselect sqlite_version(*)[0m
  [1m[35m (12.8ms)[0m  CREATE UNIQUE INDEX "unique_schema_migrations" ON "schema_migrations" ("version")
  [1m[36m (0.2ms)[0m  [1mSELECT version FROM "schema_migrations"[0m
  [1m[35m (11.6ms)[0m  INSERT INTO "schema_migrations" (version) VALUES ('20180418095320')
  [1m[36mActiveRecord::SchemaMigration Load (0.2ms)[0m  [1mSELECT "schema_migrations".* FROM "schema_migrations"[0m
  [1m[35mUser Load (0.3ms)[0m  SELECT  "users".* FROM "users" WHERE "users"."email" = ? LIMIT 1  [["email", "qwe0@qwe.qwe"]]
  [1m[36m (0.1ms)[0m  [1mbegin transaction[0m
  [1m[35mSQL (0.4ms)[0m  INSERT INTO "users" ("email", "created_at", "updated_at") VALUES (?, ?, ?)  [["email", "qwe0@qwe.qwe"], ["created_at", "2018-04-18 09:58:25.366851"], ["updated_at", "2018-04-18 09:58:25.366851"]]
  [1m[36m (19.3ms)[0m  [1mcommit transaction[0m
  [1m[35mUser Load (0.2ms)[0m  SELECT  "users".* FROM "users" WHERE "users"."email" = ? LIMIT 1  [["email", "qwe1@qwe.qwe"]]
  [1m[36m (0.1ms)[0m  [1mbegin transaction[0m
  [1m[35mSQL (0.3ms)[0m  INSERT INTO "users" ("email", "created_at", "updated_at") VALUES (?, ?, ?)  [["email", "qwe1@qwe.qwe"], ["created_at", "2018-04-18 09:58:25.390203"], ["updated_at", "2018-04-18 09:58:25.390203"]]
  [1m[36m (12.6ms)[0m  [1mcommit transaction[0m
  [1m[35mUser Load (0.2ms)[0m  SELECT  "users".* FROM "users" WHERE "users"."email" = ? LIMIT 1  [["email", "qwe2@qwe.qwe"]]
  [1m[36m (0.1ms)[0m  [1mbegin transaction[0m
  [1m[35mSQL (0.3ms)[0m  INSERT INTO "users" ("email", "created_at", "updated_at") VALUES (?, ?, ?)  [["email", "qwe2@qwe.qwe"], ["created_at", "2018-04-18 09:58:25.405873"], ["updated_at", "2018-04-18 09:58:25.405873"]]
  [1m[36m (10.3ms)[0m  [1mcommit transaction[0m
  [1m[35mUser Load (0.2ms)[0m  SELECT  "users".* FROM "users" WHERE "users"."email" = ? LIMIT 1  [["email", "qwe3@qwe.qwe"]]
  [1m[36m (0.1ms)[0m  [1mbegin transaction[0m
  [1m[35mSQL (0.3ms)[0m  INSERT INTO "users" ("email", "created_at", "updated_at") VALUES (?, ?, ?)  [["email", "qwe3@qwe.qwe"], ["created_at", "2018-04-18 09:58:25.419128"], ["updated_at", "2018-04-18 09:58:25.419128"]]
  [1m[36m (10.9ms)[0m  [1mcommit transaction[0m
  [1m[35mUser Load (0.4ms)[0m  SELECT  "users".* FROM "users" WHERE "users"."email" = ? LIMIT 1  [["email", "qwe4@qwe.qwe"]]
  [1m[36m (0.1ms)[0m  [1mbegin transaction[0m
  [1m[35mSQL (0.4ms)[0m  INSERT INTO "users" ("email", "created_at", "updated_at") VALUES (?, ?, ?)  [["email", "qwe4@qwe.qwe"], ["created_at", "2018-04-18 09:58:25.433590"], ["updated_at", "2018-04-18 09:58:25.433590"]]
  [1m[36m (16.8ms)[0m  [1mcommit transaction[0m
  [1m[35mUser Load (0.2ms)[0m  SELECT  "users".* FROM "users" WHERE "users"."email" = ? LIMIT 1  [["email", "qwe5@qwe.qwe"]]
  [1m[36m (0.1ms)[0m  [1mbegin transaction[0m
  [1m[35mSQL (0.3ms)[0m  INSERT INTO "users" ("email", "created_at", "updated_at") VALUES (?, ?, ?)  [["email", "qwe5@qwe.qwe"], ["created_at", "2018-04-18 09:58:25.454397"], ["updated_at", "2018-04-18 09:58:25.454397"]]
  [1m[36m (12.1ms)[0m  [1mcommit transaction[0m
  [1m[35mUser Load (0.2ms)[0m  SELECT  "users".* FROM "users" WHERE "users"."email" = ? LIMIT 1  [["email", "qwe6@qwe.qwe"]]
  [1m[36m (0.1ms)[0m  [1mbegin transaction[0m
  [1m[35mSQL (0.3ms)[0m  INSERT INTO "users" ("email", "created_at", "updated_at") VALUES (?, ?, ?)  [["email", "qwe6@qwe.qwe"], ["created_at", "2018-04-18 09:58:25.469973"], ["updated_at", "2018-04-18 09:58:25.469973"]]
  [1m[36m (14.1ms)[0m  [1mcommit transaction[0m
  [1m[35mUser Load (0.2ms)[0m  SELECT  "users".* FROM "users" WHERE "users"."email" = ? LIMIT 1  [["email", "qwe7@qwe.qwe"]]
  [1m[36m (0.1ms)[0m  [1mbegin transaction[0m
  [1m[35mSQL (0.3ms)[0m  INSERT INTO "users" ("email", "created_at", "updated_at") VALUES (?, ?, ?)  [["email", "qwe7@qwe.qwe"], ["created_at", "2018-04-18 09:58:25.487152"], ["updated_at", "2018-04-18 09:58:25.487152"]]
  [1m[36m (12.5ms)[0m  [1mcommit transaction[0m
  [1m[35mUser Load (0.2ms)[0m  SELECT  "users".* FROM "users" WHERE "users"."email" = ? LIMIT 1  [["email", "qwe8@qwe.qwe"]]
  [1m[36m (0.1ms)[0m  [1mbegin transaction[0m
  [1m[35mSQL (0.3ms)[0m  INSERT INTO "users" ("email", "created_at", "updated_at") VALUES (?, ?, ?)  [["email", "qwe8@qwe.qwe"], ["created_at", "2018-04-18 09:58:25.502659"], ["updated_at", "2018-04-18 09:58:25.502659"]]
  [1m[36m (12.3ms)[0m  [1mcommit transaction[0m
  [1m[35mUser Load (0.2ms)[0m  SELECT  "users".* FROM "users" WHERE "users"."email" = ? LIMIT 1  [["email", "qwe9@qwe.qwe"]]
  [1m[36m (0.1ms)[0m  [1mbegin transaction[0m
  [1m[35mSQL (0.3ms)[0m  INSERT INTO "users" ("email", "created_at", "updated_at") VALUES (?, ?, ?)  [["email", "qwe9@qwe.qwe"], ["created_at", "2018-04-18 09:58:25.518170"], ["updated_at", "2018-04-18 09:58:25.518170"]]
  [1m[36m (12.8ms)[0m  [1mcommit transaction[0m
  [1m[36m (19.9ms)[0m  [1mCREATE TABLE "schema_migrations" ("version" varchar NOT NULL) [0m
  [1m[35m (0.2ms)[0m  select sqlite_version(*)
  [1m[36m (14.3ms)[0m  [1mCREATE UNIQUE INDEX "unique_schema_migrations" ON "schema_migrations" ("version")[0m
  [1m[35mActiveRecord::SchemaMigration Load (0.2ms)[0m  SELECT "schema_migrations".* FROM "schema_migrations"
Migrating to CreateUsers (20180418095320)
  [1m[36m (0.1ms)[0m  [1mbegin transaction[0m
  [1m[35m (0.5ms)[0m  CREATE TABLE "users" ("id" INTEGER PRIMARY KEY AUTOINCREMENT NOT NULL, "email" varchar NOT NULL, "admin" boolean DEFAULT 'f' NOT NULL, "created_at" datetime NOT NULL, "updated_at" datetime NOT NULL) 
  [1m[36m (3.0ms)[0m  [1mCREATE UNIQUE INDEX "index_users_on_email" ON "users" ("email")[0m
  [1m[35mSQL (0.2ms)[0m  INSERT INTO "schema_migrations" ("version") VALUES (?)  [["version", "20180418095320"]]
  [1m[36m (15.3ms)[0m  [1mcommit transaction[0m
  [1m[35mActiveRecord::SchemaMigration Load (0.2ms)[0m  SELECT "schema_migrations".* FROM "schema_migrations"
  [1m[36m (0.2ms)[0m  [1m            SELECT sql
            FROM sqlite_master
            WHERE name='index_users_on_email' AND type='index'
            UNION ALL
            SELECT sql
            FROM sqlite_temp_master
            WHERE name='index_users_on_email' AND type='index'
[0m
  [1m[35mActiveRecord::SchemaMigration Load (0.2ms)[0m  SELECT "schema_migrations".* FROM "schema_migrations"
  [1m[36mUser Load (0.4ms)[0m  [1mSELECT  "users".* FROM "users" WHERE "users"."email" = ? LIMIT 1[0m  [["email", "qwe0@qwe.qwe"]]
  [1m[35m (0.2ms)[0m  begin transaction
  [1m[36mSQL (0.5ms)[0m  [1mINSERT INTO "users" ("email", "created_at", "updated_at") VALUES (?, ?, ?)[0m  [["email", "qwe0@qwe.qwe"], ["created_at", "2018-04-18 09:58:44.093516"], ["updated_at", "2018-04-18 09:58:44.093516"]]
  [1m[35m (20.7ms)[0m  commit transaction
  [1m[36mUser Load (0.2ms)[0m  [1mSELECT  "users".* FROM "users" WHERE "users"."email" = ? LIMIT 1[0m  [["email", "qwe1@qwe.qwe"]]
  [1m[35m (0.1ms)[0m  begin transaction
  [1m[36mSQL (0.3ms)[0m  [1mINSERT INTO "users" ("email", "created_at", "updated_at") VALUES (?, ?, ?)[0m  [["email", "qwe1@qwe.qwe"], ["created_at", "2018-04-18 09:58:44.118687"], ["updated_at", "2018-04-18 09:58:44.118687"]]
  [1m[35m (15.8ms)[0m  commit transaction
  [1m[36mUser Load (0.4ms)[0m  [1mSELECT  "users".* FROM "users" WHERE "users"."email" = ? LIMIT 1[0m  [["email", "qwe2@qwe.qwe"]]
  [1m[35m (0.1ms)[0m  begin transaction
  [1m[36mSQL (0.4ms)[0m  [1mINSERT INTO "users" ("email", "created_at", "updated_at") VALUES (?, ?, ?)[0m  [["email", "qwe2@qwe.qwe"], ["created_at", "2018-04-18 09:58:44.138750"], ["updated_at", "2018-04-18 09:58:44.138750"]]
  [1m[35m (18.1ms)[0m  commit transaction
  [1m[36mUser Load (0.3ms)[0m  [1mSELECT  "users".* FROM "users" WHERE "users"."email" = ? LIMIT 1[0m  [["email", "qwe3@qwe.qwe"]]
  [1m[35m (0.1ms)[0m  begin transaction
  [1m[36mSQL (0.3ms)[0m  [1mINSERT INTO "users" ("email", "created_at", "updated_at") VALUES (?, ?, ?)[0m  [["email", "qwe3@qwe.qwe"], ["created_at", "2018-04-18 09:58:44.162069"], ["updated_at", "2018-04-18 09:58:44.162069"]]
  [1m[35m (17.6ms)[0m  commit transaction
  [1m[36mUser Load (0.2ms)[0m  [1mSELECT  "users".* FROM "users" WHERE "users"."email" = ? LIMIT 1[0m  [["email", "qwe4@qwe.qwe"]]
  [1m[35m (0.1ms)[0m  begin transaction
  [1m[36mSQL (0.3ms)[0m  [1mINSERT INTO "users" ("email", "created_at", "updated_at") VALUES (?, ?, ?)[0m  [["email", "qwe4@qwe.qwe"], ["created_at", "2018-04-18 09:58:44.183176"], ["updated_at", "2018-04-18 09:58:44.183176"]]
  [1m[35m (12.8ms)[0m  commit transaction
  [1m[36mUser Load (0.2ms)[0m  [1mSELECT  "users".* FROM "users" WHERE "users"."email" = ? LIMIT 1[0m  [["email", "qwe5@qwe.qwe"]]
  [1m[35m (0.1ms)[0m  begin transaction
  [1m[36mSQL (0.5ms)[0m  [1mINSERT INTO "users" ("email", "created_at", "updated_at") VALUES (?, ?, ?)[0m  [["email", "qwe5@qwe.qwe"], ["created_at", "2018-04-18 09:58:44.199486"], ["updated_at", "2018-04-18 09:58:44.199486"]]
  [1m[35m (16.2ms)[0m  commit transaction
  [1m[36mUser Load (0.3ms)[0m  [1mSELECT  "users".* FROM "users" WHERE "users"."email" = ? LIMIT 1[0m  [["email", "qwe6@qwe.qwe"]]
  [1m[35m (0.1ms)[0m  begin transaction
  [1m[36mSQL (0.3ms)[0m  [1mINSERT INTO "users" ("email", "created_at", "updated_at") VALUES (?, ?, ?)[0m  [["email", "qwe6@qwe.qwe"], ["created_at", "2018-04-18 09:58:44.219439"], ["updated_at", "2018-04-18 09:58:44.219439"]]
  [1m[35m (16.2ms)[0m  commit transaction
  [1m[36mUser Load (0.2ms)[0m  [1mSELECT  "users".* FROM "users" WHERE "users"."email" = ? LIMIT 1[0m  [["email", "qwe7@qwe.qwe"]]
  [1m[35m (0.1ms)[0m  begin transaction
  [1m[36mSQL (0.5ms)[0m  [1mINSERT INTO "users" ("email", "created_at", "updated_at") VALUES (?, ?, ?)[0m  [["email", "qwe7@qwe.qwe"], ["created_at", "2018-04-18 09:58:44.239323"], ["updated_at", "2018-04-18 09:58:44.239323"]]
  [1m[35m (16.5ms)[0m  commit transaction
  [1m[36mUser Load (0.2ms)[0m  [1mSELECT  "users".* FROM "users" WHERE "users"."email" = ? LIMIT 1[0m  [["email", "qwe8@qwe.qwe"]]
  [1m[35m (0.1ms)[0m  begin transaction
  [1m[36mSQL (0.6ms)[0m  [1mINSERT INTO "users" ("email", "created_at", "updated_at") VALUES (?, ?, ?)[0m  [["email", "qwe8@qwe.qwe"], ["created_at", "2018-04-18 09:58:44.259656"], ["updated_at", "2018-04-18 09:58:44.259656"]]
  [1m[35m (16.3ms)[0m  commit transaction
  [1m[36mUser Load (0.3ms)[0m  [1mSELECT  "users".* FROM "users" WHERE "users"."email" = ? LIMIT 1[0m  [["email", "qwe9@qwe.qwe"]]
  [1m[35m (0.2ms)[0m  begin transaction
  [1m[36mSQL (0.5ms)[0m  [1mINSERT INTO "users" ("email", "created_at", "updated_at") VALUES (?, ?, ?)[0m  [["email", "qwe9@qwe.qwe"], ["created_at", "2018-04-18 09:58:44.280873"], ["updated_at", "2018-04-18 09:58:44.280873"]]
  [1m[35m (18.6ms)[0m  commit transaction


Started GET "/" for 91.230.222.12 at 2018-04-18 15:46:45 +0000
  [1m[36mActiveRecord::SchemaMigration Load (0.2ms)[0m  [1mSELECT "schema_migrations".* FROM "schema_migrations"[0m
Processing by Rails::WelcomeController#index as HTML
  Rendered /usr/local/rvm/gems/ruby-2.3.4/gems/railties-4.2.5/lib/rails/templates/rails/welcome/index.html.erb (3.7ms)
Completed 200 OK in 44ms (Views: 33.1ms | ActiveRecord: 0.0ms)


Started GET "/" for 91.230.222.12 at 2018-04-18 15:46:47 +0000
Processing by Rails::WelcomeController#index as HTML
  Rendered /usr/local/rvm/gems/ruby-2.3.4/gems/railties-4.2.5/lib/rails/templates/rails/welcome/index.html.erb (0.1ms)
Completed 200 OK in 2ms (Views: 1.4ms | ActiveRecord: 0.0ms)


Started GET "/users" for 91.230.222.12 at 2018-04-18 15:47:23 +0000

AbstractController::ActionNotFound (The action 'index' could not be found for UsersController):
  actionpack (4.2.5) lib/abstract_controller/base.rb:132:in `process'
  actionview (4.2.5) lib/action_view/rendering.rb:30:in `process'
  actionpack (4.2.5) lib/action_controller/metal.rb:196:in `dispatch'
  actionpack (4.2.5) lib/action_controller/metal/rack_delegation.rb:13:in `dispatch'
  actionpack (4.2.5) lib/action_controller/metal.rb:237:in `block in action'
  actionpack (4.2.5) lib/action_dispatch/routing/route_set.rb:76:in `dispatch'
  actionpack (4.2.5) lib/action_dispatch/routing/route_set.rb:45:in `serve'
  actionpack (4.2.5) lib/action_dispatch/journey/router.rb:43:in `block in serve'
  actionpack (4.2.5) lib/action_dispatch/journey/router.rb:30:in `each'
  actionpack (4.2.5) lib/action_dispatch/journey/router.rb:30:in `serve'
  actionpack (4.2.5) lib/action_dispatch/routing/route_set.rb:817:in `call'
  rack (1.6.8) lib/rack/etag.rb:24:in `call'
  rack (1.6.8) lib/rack/conditionalget.rb:25:in `call'
  rack (1.6.8) lib/rack/head.rb:13:in `call'
  actionpack (4.2.5) lib/action_dispatch/middleware/params_parser.rb:27:in `call'
  actionpack (4.2.5) lib/action_dispatch/middleware/flash.rb:260:in `call'
  rack (1.6.8) lib/rack/session/abstract/id.rb:225:in `context'
  rack (1.6.8) lib/rack/session/abstract/id.rb:220:in `call'
  actionpack (4.2.5) lib/action_dispatch/middleware/cookies.rb:560:in `call'
  activerecord (4.2.5) lib/active_record/query_cache.rb:36:in `call'
  activerecord (4.2.5) lib/active_record/connection_adapters/abstract/connection_pool.rb:653:in `call'
  activerecord (4.2.5) lib/active_record/migration.rb:377:in `call'
  actionpack (4.2.5) lib/action_dispatch/middleware/callbacks.rb:29:in `block in call'
  activesupport (4.2.5) lib/active_support/callbacks.rb:88:in `__run_callbacks__'
  activesupport (4.2.5) lib/active_support/callbacks.rb:778:in `_run_call_callbacks'
  activesupport (4.2.5) lib/active_support/callbacks.rb:81:in `run_callbacks'
  actionpack (4.2.5) lib/action_dispatch/middleware/callbacks.rb:27:in `call'
  actionpack (4.2.5) lib/action_dispatch/middleware/reloader.rb:73:in `call'
  actionpack (4.2.5) lib/action_dispatch/middleware/remote_ip.rb:78:in `call'
  actionpack (4.2.5) lib/action_dispatch/middleware/debug_exceptions.rb:17:in `call'
  web-console (2.3.0) lib/web_console/middleware.rb:20:in `block in call'
  web-console (2.3.0) lib/web_console/middleware.rb:18:in `catch'
  web-console (2.3.0) lib/web_console/middleware.rb:18:in `call'
  actionpack (4.2.5) lib/action_dispatch/middleware/show_exceptions.rb:30:in `call'
  railties (4.2.5) lib/rails/rack/logger.rb:38:in `call_app'
  railties (4.2.5) lib/rails/rack/logger.rb:20:in `block in call'
  activesupport (4.2.5) lib/active_support/tagged_logging.rb:68:in `block in tagged'
  activesupport (4.2.5) lib/active_support/tagged_logging.rb:26:in `tagged'
  activesupport (4.2.5) lib/active_support/tagged_logging.rb:68:in `tagged'
  railties (4.2.5) lib/rails/rack/logger.rb:20:in `call'
  actionpack (4.2.5) lib/action_dispatch/middleware/request_id.rb:21:in `call'
  rack (1.6.8) lib/rack/methodoverride.rb:22:in `call'
  rack (1.6.8) lib/rack/runtime.rb:18:in `call'
  activesupport (4.2.5) lib/active_support/cache/strategy/local_cache_middleware.rb:28:in `call'
  rack (1.6.8) lib/rack/lock.rb:17:in `call'
  actionpack (4.2.5) lib/action_dispatch/middleware/static.rb:116:in `call'
  rack (1.6.8) lib/rack/sendfile.rb:113:in `call'
  railties (4.2.5) lib/rails/engine.rb:518:in `call'
  railties (4.2.5) lib/rails/application.rb:165:in `call'
  rack (1.6.8) lib/rack/lock.rb:17:in `call'
  rack (1.6.8) lib/rack/content_length.rb:15:in `call'
  rack (1.6.8) lib/rack/handler/webrick.rb:88:in `service'
  /usr/local/rvm/rubies/ruby-2.3.4/lib/ruby/2.3.0/webrick/httpserver.rb:140:in `service'
  /usr/local/rvm/rubies/ruby-2.3.4/lib/ruby/2.3.0/webrick/httpserver.rb:96:in `run'
  /usr/local/rvm/rubies/ruby-2.3.4/lib/ruby/2.3.0/webrick/server.rb:296:in `block in start_thread'


  Rendered /usr/local/rvm/gems/ruby-2.3.4/gems/actionpack-4.2.5/lib/action_dispatch/middleware/templates/rescues/unknown_action.html.erb within rescues/layout (0.6ms)


Started GET "/users" for 91.230.222.12 at 2018-04-18 15:47:55 +0000
Processing by UsersController#index as HTML
Completed 500 Internal Server Error in 4ms (ActiveRecord: 0.0ms)

ActionView::MissingTemplate (Missing template users/index, application/index with {:locale=>[:en], :formats=>[:html], :variants=>[], :handlers=>[:erb, :builder, :raw, :ruby, :coffee, :jbuilder]}. Searched in:
  * "/home/ubuntu/workspace/app/views"
):
  actionview (4.2.5) lib/action_view/path_set.rb:46:in `find'
  actionview (4.2.5) lib/action_view/lookup_context.rb:121:in `find'
  actionview (4.2.5) lib/action_view/renderer/abstract_renderer.rb:18:in `find_template'
  actionview (4.2.5) lib/action_view/renderer/template_renderer.rb:40:in `determine_template'
  actionview (4.2.5) lib/action_view/renderer/template_renderer.rb:8:in `render'
  actionview (4.2.5) lib/action_view/renderer/renderer.rb:42:in `render_template'
  actionview (4.2.5) lib/action_view/renderer/renderer.rb:23:in `render'
  actionview (4.2.5) lib/action_view/rendering.rb:100:in `_render_template'
  actionpack (4.2.5) lib/action_controller/metal/streaming.rb:217:in `_render_template'
  actionview (4.2.5) lib/action_view/rendering.rb:83:in `render_to_body'
  actionpack (4.2.5) lib/action_controller/metal/rendering.rb:32:in `render_to_body'
  actionpack (4.2.5) lib/action_controller/metal/renderers.rb:37:in `render_to_body'
  actionpack (4.2.5) lib/abstract_controller/rendering.rb:25:in `render'
  actionpack (4.2.5) lib/action_controller/metal/rendering.rb:16:in `render'
  actionpack (4.2.5) lib/action_controller/metal/instrumentation.rb:44:in `block (2 levels) in render'
  activesupport (4.2.5) lib/active_support/core_ext/benchmark.rb:12:in `block in ms'
  /usr/local/rvm/rubies/ruby-2.3.4/lib/ruby/2.3.0/benchmark.rb:308:in `realtime'
  activesupport (4.2.5) lib/active_support/core_ext/benchmark.rb:12:in `ms'
  actionpack (4.2.5) lib/action_controller/metal/instrumentation.rb:44:in `block in render'
  actionpack (4.2.5) lib/action_controller/metal/instrumentation.rb:87:in `cleanup_view_runtime'
  activerecord (4.2.5) lib/active_record/railties/controller_runtime.rb:25:in `cleanup_view_runtime'
  actionpack (4.2.5) lib/action_controller/metal/instrumentation.rb:43:in `render'
  actionpack (4.2.5) lib/action_controller/metal/implicit_render.rb:10:in `default_render'
  actionpack (4.2.5) lib/action_controller/metal/implicit_render.rb:5:in `send_action'
  actionpack (4.2.5) lib/abstract_controller/base.rb:198:in `process_action'
  actionpack (4.2.5) lib/action_controller/metal/rendering.rb:10:in `process_action'
  actionpack (4.2.5) lib/abstract_controller/callbacks.rb:20:in `block in process_action'
  activesupport (4.2.5) lib/active_support/callbacks.rb:117:in `call'
  activesupport (4.2.5) lib/active_support/callbacks.rb:555:in `block (2 levels) in compile'
  activesupport (4.2.5) lib/active_support/callbacks.rb:505:in `call'
  activesupport (4.2.5) lib/active_support/callbacks.rb:92:in `__run_callbacks__'
  activesupport (4.2.5) lib/active_support/callbacks.rb:778:in `_run_process_action_callbacks'
  activesupport (4.2.5) lib/active_support/callbacks.rb:81:in `run_callbacks'
  actionpack (4.2.5) lib/abstract_controller/callbacks.rb:19:in `process_action'
  actionpack (4.2.5) lib/action_controller/metal/rescue.rb:29:in `process_action'
  actionpack (4.2.5) lib/action_controller/metal/instrumentation.rb:32:in `block in process_action'
  activesupport (4.2.5) lib/active_support/notifications.rb:164:in `block in instrument'
  activesupport (4.2.5) lib/active_support/notifications/instrumenter.rb:20:in `instrument'
  activesupport (4.2.5) lib/active_support/notifications.rb:164:in `instrument'
  actionpack (4.2.5) lib/action_controller/metal/instrumentation.rb:30:in `process_action'
  actionpack (4.2.5) lib/action_controller/metal/params_wrapper.rb:250:in `process_action'
  activerecord (4.2.5) lib/active_record/railties/controller_runtime.rb:18:in `process_action'
  actionpack (4.2.5) lib/abstract_controller/base.rb:137:in `process'
  actionview (4.2.5) lib/action_view/rendering.rb:30:in `process'
  actionpack (4.2.5) lib/action_controller/metal.rb:196:in `dispatch'
  actionpack (4.2.5) lib/action_controller/metal/rack_delegation.rb:13:in `dispatch'
  actionpack (4.2.5) lib/action_controller/metal.rb:237:in `block in action'
  actionpack (4.2.5) lib/action_dispatch/routing/route_set.rb:76:in `dispatch'
  actionpack (4.2.5) lib/action_dispatch/routing/route_set.rb:45:in `serve'
  actionpack (4.2.5) lib/action_dispatch/journey/router.rb:43:in `block in serve'
  actionpack (4.2.5) lib/action_dispatch/journey/router.rb:30:in `each'
  actionpack (4.2.5) lib/action_dispatch/journey/router.rb:30:in `serve'
  actionpack (4.2.5) lib/action_dispatch/routing/route_set.rb:817:in `call'
  rack (1.6.8) lib/rack/etag.rb:24:in `call'
  rack (1.6.8) lib/rack/conditionalget.rb:25:in `call'
  rack (1.6.8) lib/rack/head.rb:13:in `call'
  actionpack (4.2.5) lib/action_dispatch/middleware/params_parser.rb:27:in `call'
  actionpack (4.2.5) lib/action_dispatch/middleware/flash.rb:260:in `call'
  rack (1.6.8) lib/rack/session/abstract/id.rb:225:in `context'
  rack (1.6.8) lib/rack/session/abstract/id.rb:220:in `call'
  actionpack (4.2.5) lib/action_dispatch/middleware/cookies.rb:560:in `call'
  activerecord (4.2.5) lib/active_record/query_cache.rb:36:in `call'
  activerecord (4.2.5) lib/active_record/connection_adapters/abstract/connection_pool.rb:653:in `call'
  activerecord (4.2.5) lib/active_record/migration.rb:377:in `call'
  actionpack (4.2.5) lib/action_dispatch/middleware/callbacks.rb:29:in `block in call'
  activesupport (4.2.5) lib/active_support/callbacks.rb:88:in `__run_callbacks__'
  activesupport (4.2.5) lib/active_support/callbacks.rb:778:in `_run_call_callbacks'
  activesupport (4.2.5) lib/active_support/callbacks.rb:81:in `run_callbacks'
  actionpack (4.2.5) lib/action_dispatch/middleware/callbacks.rb:27:in `call'
  actionpack (4.2.5) lib/action_dispatch/middleware/reloader.rb:73:in `call'
  actionpack (4.2.5) lib/action_dispatch/middleware/remote_ip.rb:78:in `call'
  actionpack (4.2.5) lib/action_dispatch/middleware/debug_exceptions.rb:17:in `call'
  web-console (2.3.0) lib/web_console/middleware.rb:20:in `block in call'
  web-console (2.3.0) lib/web_console/middleware.rb:18:in `catch'
  web-console (2.3.0) lib/web_console/middleware.rb:18:in `call'
  actionpack (4.2.5) lib/action_dispatch/middleware/show_exceptions.rb:30:in `call'
  railties (4.2.5) lib/rails/rack/logger.rb:38:in `call_app'
  railties (4.2.5) lib/rails/rack/logger.rb:20:in `block in call'
  activesupport (4.2.5) lib/active_support/tagged_logging.rb:68:in `block in tagged'
  activesupport (4.2.5) lib/active_support/tagged_logging.rb:26:in `tagged'
  activesupport (4.2.5) lib/active_support/tagged_logging.rb:68:in `tagged'
  railties (4.2.5) lib/rails/rack/logger.rb:20:in `call'
  actionpack (4.2.5) lib/action_dispatch/middleware/request_id.rb:21:in `call'
  rack (1.6.8) lib/rack/methodoverride.rb:22:in `call'
  rack (1.6.8) lib/rack/runtime.rb:18:in `call'
  activesupport (4.2.5) lib/active_support/cache/strategy/local_cache_middleware.rb:28:in `call'
  rack (1.6.8) lib/rack/lock.rb:17:in `call'
  actionpack (4.2.5) lib/action_dispatch/middleware/static.rb:116:in `call'
  rack (1.6.8) lib/rack/sendfile.rb:113:in `call'
  railties (4.2.5) lib/rails/engine.rb:518:in `call'
  railties (4.2.5) lib/rails/application.rb:165:in `call'
  rack (1.6.8) lib/rack/lock.rb:17:in `call'
  rack (1.6.8) lib/rack/content_length.rb:15:in `call'
  rack (1.6.8) lib/rack/handler/webrick.rb:88:in `service'
  /usr/local/rvm/rubies/ruby-2.3.4/lib/ruby/2.3.0/webrick/httpserver.rb:140:in `service'
  /usr/local/rvm/rubies/ruby-2.3.4/lib/ruby/2.3.0/webrick/httpserver.rb:96:in `run'
  /usr/local/rvm/rubies/ruby-2.3.4/lib/ruby/2.3.0/webrick/server.rb:296:in `block in start_thread'


  Rendered /usr/local/rvm/gems/ruby-2.3.4/gems/actionpack-4.2.5/lib/action_dispatch/middleware/templates/rescues/_source.erb (4.9ms)
  Rendered /usr/local/rvm/gems/ruby-2.3.4/gems/actionpack-4.2.5/lib/action_dispatch/middleware/templates/rescues/_trace.html.erb (2.5ms)
  Rendered /usr/local/rvm/gems/ruby-2.3.4/gems/actionpack-4.2.5/lib/action_dispatch/middleware/templates/rescues/_request_and_response.html.erb (1.2ms)
  Rendered /usr/local/rvm/gems/ruby-2.3.4/gems/actionpack-4.2.5/lib/action_dispatch/middleware/templates/rescues/missing_template.html.erb within rescues/layout (45.5ms)


Started GET "/users" for 91.230.222.12 at 2018-04-18 15:50:12 +0000
Processing by UsersController#index as HTML
Completed 200 OK in 1ms (Views: 0.3ms | ActiveRecord: 0.0ms)


Started GET "/users" for 91.230.222.12 at 2018-04-18 15:51:50 +0000
Processing by UsersController#index as HTML
Completed 200 OK in 1ms (Views: 0.3ms | ActiveRecord: 0.0ms)


Started GET "/users" for 91.230.222.12 at 2018-04-18 15:53:37 +0000
Processing by UsersController#index as HTML
Completed 200 OK in 1ms (Views: 0.3ms | ActiveRecord: 0.0ms)


Started GET "/users" for 91.230.222.12 at 2018-04-18 15:54:50 +0000
Processing by UsersController#index as HTML
Completed 200 OK in 1ms (Views: 0.2ms | ActiveRecord: 0.0ms)


Started GET "/users" for 91.230.222.12 at 2018-04-18 16:02:26 +0000
Processing by UsersController#index as HTML
Completed 422 Unprocessable Entity in 1ms (Views: 0.3ms | ActiveRecord: 0.0ms)


Started GET "/users" for 91.230.222.12 at 2018-04-18 16:02:41 +0000
Processing by UsersController#index as HTML
Completed 422 Unprocessable Entity in 1ms (Views: 0.2ms | ActiveRecord: 0.0ms)


Started GET "/users" for 91.230.222.12 at 2018-04-18 16:03:06 +0000
Processing by UsersController#index as HTML
Completed 500 Internal Server Error in 1ms (Views: 0.3ms | ActiveRecord: 0.0ms)


Started GET "/users.xml" for 91.230.222.12 at 2018-04-18 16:07:21 +0000
Processing by UsersController#index as XML
Completed 200 OK in 1ms (Views: 0.3ms | ActiveRecord: 0.0ms)


Started GET "/users." for 91.230.222.12 at 2018-04-18 16:12:35 +0000

ActionController::RoutingError (No route matches [GET] "/users."):
  actionpack (4.2.5) lib/action_dispatch/middleware/debug_exceptions.rb:21:in `call'
  web-console (2.3.0) lib/web_console/middleware.rb:20:in `block in call'
  web-console (2.3.0) lib/web_console/middleware.rb:18:in `catch'
  web-console (2.3.0) lib/web_console/middleware.rb:18:in `call'
  actionpack (4.2.5) lib/action_dispatch/middleware/show_exceptions.rb:30:in `call'
  railties (4.2.5) lib/rails/rack/logger.rb:38:in `call_app'
  railties (4.2.5) lib/rails/rack/logger.rb:20:in `block in call'
  activesupport (4.2.5) lib/active_support/tagged_logging.rb:68:in `block in tagged'
  activesupport (4.2.5) lib/active_support/tagged_logging.rb:26:in `tagged'
  activesupport (4.2.5) lib/active_support/tagged_logging.rb:68:in `tagged'
  railties (4.2.5) lib/rails/rack/logger.rb:20:in `call'
  actionpack (4.2.5) lib/action_dispatch/middleware/request_id.rb:21:in `call'
  rack (1.6.8) lib/rack/methodoverride.rb:22:in `call'
  rack (1.6.8) lib/rack/runtime.rb:18:in `call'
  activesupport (4.2.5) lib/active_support/cache/strategy/local_cache_middleware.rb:28:in `call'
  rack (1.6.8) lib/rack/lock.rb:17:in `call'
  actionpack (4.2.5) lib/action_dispatch/middleware/static.rb:116:in `call'
  rack (1.6.8) lib/rack/sendfile.rb:113:in `call'
  railties (4.2.5) lib/rails/engine.rb:518:in `call'
  railties (4.2.5) lib/rails/application.rb:165:in `call'
  rack (1.6.8) lib/rack/lock.rb:17:in `call'
  rack (1.6.8) lib/rack/content_length.rb:15:in `call'
  rack (1.6.8) lib/rack/handler/webrick.rb:88:in `service'
  /usr/local/rvm/rubies/ruby-2.3.4/lib/ruby/2.3.0/webrick/httpserver.rb:140:in `service'
  /usr/local/rvm/rubies/ruby-2.3.4/lib/ruby/2.3.0/webrick/httpserver.rb:96:in `run'
  /usr/local/rvm/rubies/ruby-2.3.4/lib/ruby/2.3.0/webrick/server.rb:296:in `block in start_thread'


  Rendered /usr/local/rvm/gems/ruby-2.3.4/gems/actionpack-4.2.5/lib/action_dispatch/middleware/templates/rescues/_trace.html.erb (2.6ms)
  Rendered /usr/local/rvm/gems/ruby-2.3.4/gems/actionpack-4.2.5/lib/action_dispatch/middleware/templates/routes/_route.html.erb (1.5ms)
  Rendered /usr/local/rvm/gems/ruby-2.3.4/gems/actionpack-4.2.5/lib/action_dispatch/middleware/templates/routes/_table.html.erb (23.5ms)
  Rendered /usr/local/rvm/gems/ruby-2.3.4/gems/actionpack-4.2.5/lib/action_dispatch/middleware/templates/rescues/_request_and_response.html.erb (2.0ms)
  Rendered /usr/local/rvm/gems/ruby-2.3.4/gems/actionpack-4.2.5/lib/action_dispatch/middleware/templates/rescues/routing_error.html.erb within rescues/layout (151.7ms)


Started GET "/users" for 91.230.222.12 at 2018-04-18 16:12:41 +0000
Processing by UsersController#index as HTML
  Rendered text template (0.0ms)
Completed 200 OK in 13ms (Views: 12.2ms | ActiveRecord: 0.0ms)


Started GET "/users.xml" for 91.230.222.12 at 2018-04-18 16:13:19 +0000
Processing by UsersController#index as XML
Completed 406 Not Acceptable in 1ms (ActiveRecord: 0.0ms)

ActionController::UnknownFormat (ActionController::UnknownFormat):
  app/controllers/users_controller.rb:5:in `index'


  Rendered /usr/local/rvm/gems/ruby-2.3.4/gems/actionpack-4.2.5/lib/action_dispatch/middleware/templates/rescues/_source.erb (5.5ms)
  Rendered /usr/local/rvm/gems/ruby-2.3.4/gems/actionpack-4.2.5/lib/action_dispatch/middleware/templates/rescues/_trace.html.erb (2.4ms)
  Rendered /usr/local/rvm/gems/ruby-2.3.4/gems/actionpack-4.2.5/lib/action_dispatch/middleware/templates/rescues/_request_and_response.html.erb (1.2ms)
  Rendered /usr/local/rvm/gems/ruby-2.3.4/gems/actionpack-4.2.5/lib/action_dispatch/middleware/templates/rescues/diagnostics.html.erb within rescues/layout (39.4ms)


Started GET "/api/users" for 91.230.222.12 at 2018-04-18 16:19:02 +0000
Processing by UsersController#index as JSON
Completed 200 OK in 1ms (Views: 0.4ms | ActiveRecord: 0.0ms)


Started GET "/api/users?myparam=123" for 91.230.222.12 at 2018-04-18 16:22:57 +0000
Processing by UsersController#index as JSON
  Parameters: {"myparam"=>"123"}
Completed 200 OK in 1ms (Views: 0.3ms | ActiveRecord: 0.0ms)


Started GET "/api/users?myparam=123" for 91.230.222.12 at 2018-04-18 16:24:11 +0000
Processing by UsersController#index as JSON
  Parameters: {"myparam"=>"123"}
Completed 200 OK in 1ms (Views: 0.3ms | ActiveRecord: 0.0ms)


Started GET "/api/users?myparam=123123123123" for 91.230.222.12 at 2018-04-18 16:24:15 +0000
Processing by UsersController#index as JSON
  Parameters: {"myparam"=>"123123123123"}
Completed 200 OK in 1ms (Views: 0.2ms | ActiveRecord: 0.0ms)


Started GET "/api/users?myparam=123123123123" for 91.230.222.12 at 2018-04-18 16:26:05 +0000
Processing by UsersController#index as JSON
  Parameters: {"myparam"=>"123123123123"}
Completed 200 OK in 1ms (Views: 0.3ms | ActiveRecord: 0.0ms)


Started GET "/api/users/6?myparam=123123123123" for 91.230.222.12 at 2018-04-18 16:28:21 +0000

AbstractController::ActionNotFound (The action 'show' could not be found for UsersController):
  actionpack (4.2.5) lib/abstract_controller/base.rb:132:in `process'
  actionview (4.2.5) lib/action_view/rendering.rb:30:in `process'
  actionpack (4.2.5) lib/action_controller/metal.rb:196:in `dispatch'
  actionpack (4.2.5) lib/action_controller/metal/rack_delegation.rb:13:in `dispatch'
  actionpack (4.2.5) lib/action_controller/metal.rb:237:in `block in action'
  actionpack (4.2.5) lib/action_dispatch/routing/route_set.rb:76:in `dispatch'
  actionpack (4.2.5) lib/action_dispatch/routing/route_set.rb:45:in `serve'
  actionpack (4.2.5) lib/action_dispatch/journey/router.rb:43:in `block in serve'
  actionpack (4.2.5) lib/action_dispatch/journey/router.rb:30:in `each'
  actionpack (4.2.5) lib/action_dispatch/journey/router.rb:30:in `serve'
  actionpack (4.2.5) lib/action_dispatch/routing/route_set.rb:817:in `call'
  rack (1.6.8) lib/rack/etag.rb:24:in `call'
  rack (1.6.8) lib/rack/conditionalget.rb:25:in `call'
  rack (1.6.8) lib/rack/head.rb:13:in `call'
  actionpack (4.2.5) lib/action_dispatch/middleware/params_parser.rb:27:in `call'
  actionpack (4.2.5) lib/action_dispatch/middleware/flash.rb:260:in `call'
  rack (1.6.8) lib/rack/session/abstract/id.rb:225:in `context'
  rack (1.6.8) lib/rack/session/abstract/id.rb:220:in `call'
  actionpack (4.2.5) lib/action_dispatch/middleware/cookies.rb:560:in `call'
  activerecord (4.2.5) lib/active_record/query_cache.rb:36:in `call'
  activerecord (4.2.5) lib/active_record/connection_adapters/abstract/connection_pool.rb:653:in `call'
  activerecord (4.2.5) lib/active_record/migration.rb:377:in `call'
  actionpack (4.2.5) lib/action_dispatch/middleware/callbacks.rb:29:in `block in call'
  activesupport (4.2.5) lib/active_support/callbacks.rb:88:in `__run_callbacks__'
  activesupport (4.2.5) lib/active_support/callbacks.rb:778:in `_run_call_callbacks'
  activesupport (4.2.5) lib/active_support/callbacks.rb:81:in `run_callbacks'
  actionpack (4.2.5) lib/action_dispatch/middleware/callbacks.rb:27:in `call'
  actionpack (4.2.5) lib/action_dispatch/middleware/reloader.rb:73:in `call'
  actionpack (4.2.5) lib/action_dispatch/middleware/remote_ip.rb:78:in `call'
  actionpack (4.2.5) lib/action_dispatch/middleware/debug_exceptions.rb:17:in `call'
  web-console (2.3.0) lib/web_console/middleware.rb:20:in `block in call'
  web-console (2.3.0) lib/web_console/middleware.rb:18:in `catch'
  web-console (2.3.0) lib/web_console/middleware.rb:18:in `call'
  actionpack (4.2.5) lib/action_dispatch/middleware/show_exceptions.rb:30:in `call'
  railties (4.2.5) lib/rails/rack/logger.rb:38:in `call_app'
  railties (4.2.5) lib/rails/rack/logger.rb:20:in `block in call'
  activesupport (4.2.5) lib/active_support/tagged_logging.rb:68:in `block in tagged'
  activesupport (4.2.5) lib/active_support/tagged_logging.rb:26:in `tagged'
  activesupport (4.2.5) lib/active_support/tagged_logging.rb:68:in `tagged'
  railties (4.2.5) lib/rails/rack/logger.rb:20:in `call'
  actionpack (4.2.5) lib/action_dispatch/middleware/request_id.rb:21:in `call'
  rack (1.6.8) lib/rack/methodoverride.rb:22:in `call'
  rack (1.6.8) lib/rack/runtime.rb:18:in `call'
  activesupport (4.2.5) lib/active_support/cache/strategy/local_cache_middleware.rb:28:in `call'
  rack (1.6.8) lib/rack/lock.rb:17:in `call'
  actionpack (4.2.5) lib/action_dispatch/middleware/static.rb:116:in `call'
  rack (1.6.8) lib/rack/sendfile.rb:113:in `call'
  railties (4.2.5) lib/rails/engine.rb:518:in `call'
  railties (4.2.5) lib/rails/application.rb:165:in `call'
  rack (1.6.8) lib/rack/lock.rb:17:in `call'
  rack (1.6.8) lib/rack/content_length.rb:15:in `call'
  rack (1.6.8) lib/rack/handler/webrick.rb:88:in `service'
  /usr/local/rvm/rubies/ruby-2.3.4/lib/ruby/2.3.0/webrick/httpserver.rb:140:in `service'
  /usr/local/rvm/rubies/ruby-2.3.4/lib/ruby/2.3.0/webrick/httpserver.rb:96:in `run'
  /usr/local/rvm/rubies/ruby-2.3.4/lib/ruby/2.3.0/webrick/server.rb:296:in `block in start_thread'


  Rendered /usr/local/rvm/gems/ruby-2.3.4/gems/actionpack-4.2.5/lib/action_dispatch/middleware/templates/rescues/unknown_action.html.erb within rescues/layout (0.7ms)


Started GET "/api/users/6?myparam=123123123123" for 91.230.222.12 at 2018-04-18 16:29:52 +0000
Processing by UsersController#show as JSON
  Parameters: {"myparam"=>"123123123123", "id"=>"6"}
  [1m[35mUser Load (0.7ms)[0m  SELECT  "users".* FROM "users" WHERE "users"."id" = ? LIMIT 1  [["id", 6]]
Completed 200 OK in 33ms (Views: 0.4ms | ActiveRecord: 1.5ms)


Started GET "/api/users/6" for 91.230.222.12 at 2018-04-18 16:32:54 +0000
Processing by UsersController#show as JSON
  Parameters: {"id"=>"6"}
  [1m[36mUser Load (0.3ms)[0m  [1mSELECT  "users".* FROM "users" WHERE "users"."id" = ? LIMIT 1[0m  [["id", 6]]
Completed 200 OK in 2ms (Views: 0.4ms | ActiveRecord: 0.3ms)


Started POST "/api/users/6" for 91.230.222.12 at 2018-04-18 16:33:53 +0000

ActionController::RoutingError (No route matches [POST] "/api/users/6"):
  actionpack (4.2.5) lib/action_dispatch/middleware/debug_exceptions.rb:21:in `call'
  web-console (2.3.0) lib/web_console/middleware.rb:20:in `block in call'
  web-console (2.3.0) lib/web_console/middleware.rb:18:in `catch'
  web-console (2.3.0) lib/web_console/middleware.rb:18:in `call'
  actionpack (4.2.5) lib/action_dispatch/middleware/show_exceptions.rb:30:in `call'
  railties (4.2.5) lib/rails/rack/logger.rb:38:in `call_app'
  railties (4.2.5) lib/rails/rack/logger.rb:20:in `block in call'
  activesupport (4.2.5) lib/active_support/tagged_logging.rb:68:in `block in tagged'
  activesupport (4.2.5) lib/active_support/tagged_logging.rb:26:in `tagged'
  activesupport (4.2.5) lib/active_support/tagged_logging.rb:68:in `tagged'
  railties (4.2.5) lib/rails/rack/logger.rb:20:in `call'
  actionpack (4.2.5) lib/action_dispatch/middleware/request_id.rb:21:in `call'
  rack (1.6.8) lib/rack/methodoverride.rb:22:in `call'
  rack (1.6.8) lib/rack/runtime.rb:18:in `call'
  activesupport (4.2.5) lib/active_support/cache/strategy/local_cache_middleware.rb:28:in `call'
  rack (1.6.8) lib/rack/lock.rb:17:in `call'
  actionpack (4.2.5) lib/action_dispatch/middleware/static.rb:116:in `call'
  rack (1.6.8) lib/rack/sendfile.rb:113:in `call'
  railties (4.2.5) lib/rails/engine.rb:518:in `call'
  railties (4.2.5) lib/rails/application.rb:165:in `call'
  rack (1.6.8) lib/rack/lock.rb:17:in `call'
  rack (1.6.8) lib/rack/content_length.rb:15:in `call'
  rack (1.6.8) lib/rack/handler/webrick.rb:88:in `service'
  /usr/local/rvm/rubies/ruby-2.3.4/lib/ruby/2.3.0/webrick/httpserver.rb:140:in `service'
  /usr/local/rvm/rubies/ruby-2.3.4/lib/ruby/2.3.0/webrick/httpserver.rb:96:in `run'
  /usr/local/rvm/rubies/ruby-2.3.4/lib/ruby/2.3.0/webrick/server.rb:296:in `block in start_thread'


  Rendered /usr/local/rvm/gems/ruby-2.3.4/gems/actionpack-4.2.5/lib/action_dispatch/middleware/templates/rescues/_trace.html.erb (2.8ms)
  Rendered /usr/local/rvm/gems/ruby-2.3.4/gems/actionpack-4.2.5/lib/action_dispatch/middleware/templates/routes/_route.html.erb (1.8ms)
  Rendered /usr/local/rvm/gems/ruby-2.3.4/gems/actionpack-4.2.5/lib/action_dispatch/middleware/templates/routes/_table.html.erb (2.1ms)
  Rendered /usr/local/rvm/gems/ruby-2.3.4/gems/actionpack-4.2.5/lib/action_dispatch/middleware/templates/rescues/_request_and_response.html.erb (1.8ms)
  Rendered /usr/local/rvm/gems/ruby-2.3.4/gems/actionpack-4.2.5/lib/action_dispatch/middleware/templates/rescues/routing_error.html.erb within rescues/layout (50.6ms)


Started POST "/api/users/6" for 91.230.222.12 at 2018-04-18 16:35:29 +0000

ActionController::RoutingError (No route matches [POST] "/api/users/6"):
  actionpack (4.2.5) lib/action_dispatch/middleware/debug_exceptions.rb:21:in `call'
  web-console (2.3.0) lib/web_console/middleware.rb:20:in `block in call'
  web-console (2.3.0) lib/web_console/middleware.rb:18:in `catch'
  web-console (2.3.0) lib/web_console/middleware.rb:18:in `call'
  actionpack (4.2.5) lib/action_dispatch/middleware/show_exceptions.rb:30:in `call'
  railties (4.2.5) lib/rails/rack/logger.rb:38:in `call_app'
  railties (4.2.5) lib/rails/rack/logger.rb:20:in `block in call'
  activesupport (4.2.5) lib/active_support/tagged_logging.rb:68:in `block in tagged'
  activesupport (4.2.5) lib/active_support/tagged_logging.rb:26:in `tagged'
  activesupport (4.2.5) lib/active_support/tagged_logging.rb:68:in `tagged'
  railties (4.2.5) lib/rails/rack/logger.rb:20:in `call'
  actionpack (4.2.5) lib/action_dispatch/middleware/request_id.rb:21:in `call'
  rack (1.6.8) lib/rack/methodoverride.rb:22:in `call'
  rack (1.6.8) lib/rack/runtime.rb:18:in `call'
  activesupport (4.2.5) lib/active_support/cache/strategy/local_cache_middleware.rb:28:in `call'
  rack (1.6.8) lib/rack/lock.rb:17:in `call'
  actionpack (4.2.5) lib/action_dispatch/middleware/static.rb:116:in `call'
  rack (1.6.8) lib/rack/sendfile.rb:113:in `call'
  railties (4.2.5) lib/rails/engine.rb:518:in `call'
  railties (4.2.5) lib/rails/application.rb:165:in `call'
  rack (1.6.8) lib/rack/lock.rb:17:in `call'
  rack (1.6.8) lib/rack/content_length.rb:15:in `call'
  rack (1.6.8) lib/rack/handler/webrick.rb:88:in `service'
  /usr/local/rvm/rubies/ruby-2.3.4/lib/ruby/2.3.0/webrick/httpserver.rb:140:in `service'
  /usr/local/rvm/rubies/ruby-2.3.4/lib/ruby/2.3.0/webrick/httpserver.rb:96:in `run'
  /usr/local/rvm/rubies/ruby-2.3.4/lib/ruby/2.3.0/webrick/server.rb:296:in `block in start_thread'


  Rendered /usr/local/rvm/gems/ruby-2.3.4/gems/actionpack-4.2.5/lib/action_dispatch/middleware/templates/rescues/_trace.html.erb (2.4ms)
  Rendered /usr/local/rvm/gems/ruby-2.3.4/gems/actionpack-4.2.5/lib/action_dispatch/middleware/templates/routes/_route.html.erb (1.5ms)
  Rendered /usr/local/rvm/gems/ruby-2.3.4/gems/actionpack-4.2.5/lib/action_dispatch/middleware/templates/routes/_table.html.erb (2.2ms)
  Rendered /usr/local/rvm/gems/ruby-2.3.4/gems/actionpack-4.2.5/lib/action_dispatch/middleware/templates/rescues/_request_and_response.html.erb (2.3ms)
  Rendered /usr/local/rvm/gems/ruby-2.3.4/gems/actionpack-4.2.5/lib/action_dispatch/middleware/templates/rescues/routing_error.html.erb within rescues/layout (51.0ms)


Started POST "/api/users" for 91.230.222.12 at 2018-04-18 16:35:56 +0000
Processing by UsersController#create as JSON
  Parameters: {"email"=>"asd@asd.com"}
Can't verify CSRF token authenticity
Completed 422 Unprocessable Entity in 1ms (ActiveRecord: 0.0ms)

ActionController::InvalidAuthenticityToken (ActionController::InvalidAuthenticityToken):
  actionpack (4.2.5) lib/action_controller/metal/request_forgery_protection.rb:181:in `handle_unverified_request'
  actionpack (4.2.5) lib/action_controller/metal/request_forgery_protection.rb:209:in `handle_unverified_request'
  actionpack (4.2.5) lib/action_controller/metal/request_forgery_protection.rb:204:in `verify_authenticity_token'
  activesupport (4.2.5) lib/active_support/callbacks.rb:432:in `block in make_lambda'
  activesupport (4.2.5) lib/active_support/callbacks.rb:164:in `block in halting'
  activesupport (4.2.5) lib/active_support/callbacks.rb:504:in `block in call'
  activesupport (4.2.5) lib/active_support/callbacks.rb:504:in `each'
  activesupport (4.2.5) lib/active_support/callbacks.rb:504:in `call'
  activesupport (4.2.5) lib/active_support/callbacks.rb:92:in `__run_callbacks__'
  activesupport (4.2.5) lib/active_support/callbacks.rb:778:in `_run_process_action_callbacks'
  activesupport (4.2.5) lib/active_support/callbacks.rb:81:in `run_callbacks'
  actionpack (4.2.5) lib/abstract_controller/callbacks.rb:19:in `process_action'
  actionpack (4.2.5) lib/action_controller/metal/rescue.rb:29:in `process_action'
  actionpack (4.2.5) lib/action_controller/metal/instrumentation.rb:32:in `block in process_action'
  activesupport (4.2.5) lib/active_support/notifications.rb:164:in `block in instrument'
  activesupport (4.2.5) lib/active_support/notifications/instrumenter.rb:20:in `instrument'
  activesupport (4.2.5) lib/active_support/notifications.rb:164:in `instrument'
  actionpack (4.2.5) lib/action_controller/metal/instrumentation.rb:30:in `process_action'
  actionpack (4.2.5) lib/action_controller/metal/params_wrapper.rb:250:in `process_action'
  activerecord (4.2.5) lib/active_record/railties/controller_runtime.rb:18:in `process_action'
  actionpack (4.2.5) lib/abstract_controller/base.rb:137:in `process'
  actionview (4.2.5) lib/action_view/rendering.rb:30:in `process'
  actionpack (4.2.5) lib/action_controller/metal.rb:196:in `dispatch'
  actionpack (4.2.5) lib/action_controller/metal/rack_delegation.rb:13:in `dispatch'
  actionpack (4.2.5) lib/action_controller/metal.rb:237:in `block in action'
  actionpack (4.2.5) lib/action_dispatch/routing/route_set.rb:76:in `dispatch'
  actionpack (4.2.5) lib/action_dispatch/routing/route_set.rb:45:in `serve'
  actionpack (4.2.5) lib/action_dispatch/journey/router.rb:43:in `block in serve'
  actionpack (4.2.5) lib/action_dispatch/journey/router.rb:30:in `each'
  actionpack (4.2.5) lib/action_dispatch/journey/router.rb:30:in `serve'
  actionpack (4.2.5) lib/action_dispatch/routing/route_set.rb:817:in `call'
  rack (1.6.8) lib/rack/etag.rb:24:in `call'
  rack (1.6.8) lib/rack/conditionalget.rb:38:in `call'
  rack (1.6.8) lib/rack/head.rb:13:in `call'
  actionpack (4.2.5) lib/action_dispatch/middleware/params_parser.rb:27:in `call'
  actionpack (4.2.5) lib/action_dispatch/middleware/flash.rb:260:in `call'
  rack (1.6.8) lib/rack/session/abstract/id.rb:225:in `context'
  rack (1.6.8) lib/rack/session/abstract/id.rb:220:in `call'
  actionpack (4.2.5) lib/action_dispatch/middleware/cookies.rb:560:in `call'
  activerecord (4.2.5) lib/active_record/query_cache.rb:36:in `call'
  activerecord (4.2.5) lib/active_record/connection_adapters/abstract/connection_pool.rb:653:in `call'
  activerecord (4.2.5) lib/active_record/migration.rb:377:in `call'
  actionpack (4.2.5) lib/action_dispatch/middleware/callbacks.rb:29:in `block in call'
  activesupport (4.2.5) lib/active_support/callbacks.rb:88:in `__run_callbacks__'
  activesupport (4.2.5) lib/active_support/callbacks.rb:778:in `_run_call_callbacks'
  activesupport (4.2.5) lib/active_support/callbacks.rb:81:in `run_callbacks'
  actionpack (4.2.5) lib/action_dispatch/middleware/callbacks.rb:27:in `call'
  actionpack (4.2.5) lib/action_dispatch/middleware/reloader.rb:73:in `call'
  actionpack (4.2.5) lib/action_dispatch/middleware/remote_ip.rb:78:in `call'
  actionpack (4.2.5) lib/action_dispatch/middleware/debug_exceptions.rb:17:in `call'
  web-console (2.3.0) lib/web_console/middleware.rb:20:in `block in call'
  web-console (2.3.0) lib/web_console/middleware.rb:18:in `catch'
  web-console (2.3.0) lib/web_console/middleware.rb:18:in `call'
  actionpack (4.2.5) lib/action_dispatch/middleware/show_exceptions.rb:30:in `call'
  railties (4.2.5) lib/rails/rack/logger.rb:38:in `call_app'
  railties (4.2.5) lib/rails/rack/logger.rb:20:in `block in call'
  activesupport (4.2.5) lib/active_support/tagged_logging.rb:68:in `block in tagged'
  activesupport (4.2.5) lib/active_support/tagged_logging.rb:26:in `tagged'
  activesupport (4.2.5) lib/active_support/tagged_logging.rb:68:in `tagged'
  railties (4.2.5) lib/rails/rack/logger.rb:20:in `call'
  actionpack (4.2.5) lib/action_dispatch/middleware/request_id.rb:21:in `call'
  rack (1.6.8) lib/rack/methodoverride.rb:22:in `call'
  rack (1.6.8) lib/rack/runtime.rb:18:in `call'
  activesupport (4.2.5) lib/active_support/cache/strategy/local_cache_middleware.rb:28:in `call'
  rack (1.6.8) lib/rack/lock.rb:17:in `call'
  actionpack (4.2.5) lib/action_dispatch/middleware/static.rb:116:in `call'
  rack (1.6.8) lib/rack/sendfile.rb:113:in `call'
  railties (4.2.5) lib/rails/engine.rb:518:in `call'
  railties (4.2.5) lib/rails/application.rb:165:in `call'
  rack (1.6.8) lib/rack/lock.rb:17:in `call'
  rack (1.6.8) lib/rack/content_length.rb:15:in `call'
  rack (1.6.8) lib/rack/handler/webrick.rb:88:in `service'
  /usr/local/rvm/rubies/ruby-2.3.4/lib/ruby/2.3.0/webrick/httpserver.rb:140:in `service'
  /usr/local/rvm/rubies/ruby-2.3.4/lib/ruby/2.3.0/webrick/httpserver.rb:96:in `run'
  /usr/local/rvm/rubies/ruby-2.3.4/lib/ruby/2.3.0/webrick/server.rb:296:in `block in start_thread'


  Rendered /usr/local/rvm/gems/ruby-2.3.4/gems/actionpack-4.2.5/lib/action_dispatch/middleware/templates/rescues/_source.erb (5.4ms)
  Rendered /usr/local/rvm/gems/ruby-2.3.4/gems/actionpack-4.2.5/lib/action_dispatch/middleware/templates/rescues/_trace.html.erb (2.7ms)
  Rendered /usr/local/rvm/gems/ruby-2.3.4/gems/actionpack-4.2.5/lib/action_dispatch/middleware/templates/rescues/_request_and_response.html.erb (1.5ms)
  Rendered /usr/local/rvm/gems/ruby-2.3.4/gems/actionpack-4.2.5/lib/action_dispatch/middleware/templates/rescues/diagnostics.html.erb within rescues/layout (37.7ms)


Started POST "/api/users" for 91.230.222.12 at 2018-04-18 16:37:10 +0000
Processing by UsersController#create as JSON
  Parameters: {"email"=>"asd@asd.com"}
  [1m[35m (0.1ms)[0m  begin transaction
  [1m[36mUser Exists (0.4ms)[0m  [1mSELECT  1 AS one FROM "users" WHERE "users"."email" = 'asd@asd.com' LIMIT 1[0m
  [1m[35mSQL (2.1ms)[0m  INSERT INTO "users" ("email", "created_at", "updated_at") VALUES (?, ?, ?)  [["email", "asd@asd.com"], ["created_at", "2018-04-18 16:37:10.174807"], ["updated_at", "2018-04-18 16:37:10.174807"]]
  [1m[36m (14.1ms)[0m  [1mcommit transaction[0m
Completed 200 OK in 59ms (Views: 0.4ms | ActiveRecord: 17.6ms)


Started POST "/api/users?email=qwe@asd.com" for 91.230.222.12 at 2018-04-18 16:39:58 +0000
Processing by UsersController#create as JSON
  Parameters: {"emails"=>"asd@asd.com", "email"=>"qwe@asd.com"}
  [1m[35m (0.2ms)[0m  begin transaction
  [1m[36mUser Exists (0.3ms)[0m  [1mSELECT  1 AS one FROM "users" WHERE "users"."email" = 'qwe@asd.com' LIMIT 1[0m
  [1m[35mSQL (0.5ms)[0m  INSERT INTO "users" ("email", "created_at", "updated_at") VALUES (?, ?, ?)  [["email", "qwe@asd.com"], ["created_at", "2018-04-18 16:39:58.295285"], ["updated_at", "2018-04-18 16:39:58.295285"]]
  [1m[36m (24.0ms)[0m  [1mcommit transaction[0m
Completed 200 OK in 40ms (Views: 0.3ms | ActiveRecord: 26.1ms)


Started POST "/api/users?email=qwe@asd.com" for 91.230.222.12 at 2018-04-18 16:53:52 +0000
Processing by UsersController#create as JSON
  Parameters: {"email"=>"qwe@asd.com"}
  [1m[35m (0.2ms)[0m  begin transaction
  [1m[36mUser Exists (0.3ms)[0m  [1mSELECT  1 AS one FROM "users" WHERE "users"."email" = 'qwe@asd.com' LIMIT 1[0m
  [1m[35m (0.1ms)[0m  rollback transaction
Completed 200 OK in 24ms (Views: 0.3ms | ActiveRecord: 0.7ms)


Started POST "/api/users?email=qwe@asd.com" for 91.230.222.12 at 2018-04-18 16:53:59 +0000
Processing by UsersController#create as JSON
  Parameters: {"email"=>"qwe@asd.com"}
  [1m[36m (0.1ms)[0m  [1mbegin transaction[0m
  [1m[35mUser Exists (0.3ms)[0m  SELECT  1 AS one FROM "users" WHERE "users"."email" = 'qwe@asd.com' LIMIT 1
  [1m[36m (0.1ms)[0m  [1mrollback transaction[0m
Completed 200 OK in 4ms (Views: 0.2ms | ActiveRecord: 0.5ms)
