  [1m[36m (18.3ms)[0m  [1mCREATE TABLE "schema_migrations" ("version" varchar NOT NULL) [0m
  [1m[35m (0.2ms)[0m  select sqlite_version(*)
  [1m[36m (15.6ms)[0m  [1mCREATE UNIQUE INDEX "unique_schema_migrations" ON "schema_migrations" ("version")[0m
  [1m[35mActiveRecord::SchemaMigration Load (0.1ms)[0m  SELECT "schema_migrations".* FROM "schema_migrations"
Migrating to CreateTests (20180411120922)
  [1m[36m (0.1ms)[0m  [1mbegin transaction[0m
  [1m[35m (0.6ms)[0m  CREATE TABLE "tests" ("id" INTEGER PRIMARY KEY AUTOINCREMENT NOT NULL, "name" varchar, "created_at" datetime NOT NULL, "updated_at" datetime NOT NULL) 
  [1m[36mSQL (0.2ms)[0m  [1mINSERT INTO "schema_migrations" ("version") VALUES (?)[0m  [["version", "20180411120922"]]
  [1m[35m (15.6ms)[0m  commit transaction
  [1m[36mActiveRecord::SchemaMigration Load (0.1ms)[0m  [1mSELECT "schema_migrations".* FROM "schema_migrations"[0m
  [1m[36m (0.1ms)[0m  [1mbegin transaction[0m
  [1m[35mSQL (0.4ms)[0m  INSERT INTO "tests" ("name", "created_at", "updated_at") VALUES (?, ?, ?)  [["name", "qweqwe"], ["created_at", "2018-04-11 12:09:51.379584"], ["updated_at", "2018-04-11 12:09:51.379584"]]
  [1m[36m (15.4ms)[0m  [1mcommit transaction[0m
  [1m[36mActiveRecord::SchemaMigration Load (0.1ms)[0m  [1mSELECT "schema_migrations".* FROM "schema_migrations"[0m
Migrating to Change (20180411120958)
  [1m[35m (0.1ms)[0m  begin transaction
  [1m[36m (0.6ms)[0m  [1mCREATE TEMPORARY TABLE "atests" ("id" INTEGER PRIMARY KEY AUTOINCREMENT NOT NULL, "name" varchar, "created_at" datetime NOT NULL, "updated_at" datetime NOT NULL) [0m
  [1m[35m (0.1ms)[0m  SELECT * FROM "tests"
  [1m[36m (0.1ms)[0m  [1mINSERT INTO "atests" ("id","name","created_at","updated_at") VALUES (1, 'qweqwe', '2018-04-11 12:09:51.379584', '2018-04-11 12:09:51.379584')[0m
  [1m[35m (0.3ms)[0m  DROP TABLE "tests"
  [1m[36m (0.1ms)[0m  [1mCREATE TABLE "tests" ("id" INTEGER PRIMARY KEY AUTOINCREMENT NOT NULL, "name" integer, "created_at" datetime NOT NULL, "updated_at" datetime NOT NULL) [0m
  [1m[35m (0.0ms)[0m  SELECT * FROM "atests"
  [1m[36m (0.1ms)[0m  [1mINSERT INTO "tests" ("id","name","created_at","updated_at") VALUES (1, 'qweqwe', '2018-04-11 12:09:51.379584', '2018-04-11 12:09:51.379584')[0m
  [1m[35m (0.2ms)[0m  DROP TABLE "atests"
  [1m[36mSQL (0.2ms)[0m  [1mINSERT INTO "schema_migrations" ("version") VALUES (?)[0m  [["version", "20180411120958"]]
  [1m[35m (18.4ms)[0m  commit transaction
  [1m[36mActiveRecord::SchemaMigration Load (0.1ms)[0m  [1mSELECT "schema_migrations".* FROM "schema_migrations"[0m
  [1m[36mTest Load (0.2ms)[0m  [1mSELECT  "tests".* FROM "tests"  ORDER BY "tests"."id" ASC LIMIT 1[0m
  [1m[36mActiveRecord::SchemaMigration Load (0.1ms)[0m  [1mSELECT "schema_migrations".* FROM "schema_migrations"[0m
  [1m[36mActiveRecord::SchemaMigration Load (0.2ms)[0m  [1mSELECT "schema_migrations".* FROM "schema_migrations"[0m
  [1m[36mActiveRecord::SchemaMigration Load (0.2ms)[0m  [1mSELECT "schema_migrations".* FROM "schema_migrations"[0m
  [1m[36m (19.0ms)[0m  [1mCREATE TABLE "schema_migrations" ("version" varchar NOT NULL) [0m
  [1m[35m (0.2ms)[0m  select sqlite_version(*)
  [1m[36m (16.2ms)[0m  [1mCREATE UNIQUE INDEX "unique_schema_migrations" ON "schema_migrations" ("version")[0m
  [1m[35mActiveRecord::SchemaMigration Load (0.2ms)[0m  SELECT "schema_migrations".* FROM "schema_migrations"
  [1m[36mActiveRecord::SchemaMigration Load (0.1ms)[0m  [1mSELECT "schema_migrations".* FROM "schema_migrations"[0m
Migrating to CreateTests (20180411121459)
  [1m[35m (0.1ms)[0m  begin transaction
  [1m[36m (0.4ms)[0m  [1mCREATE TABLE "tests" ("id" INTEGER PRIMARY KEY AUTOINCREMENT NOT NULL, "active" boolean, "created_at" datetime NOT NULL, "updated_at" datetime NOT NULL) [0m
  [1m[35mSQL (0.2ms)[0m  INSERT INTO "schema_migrations" ("version") VALUES (?)  [["version", "20180411121459"]]
  [1m[36m (17.3ms)[0m  [1mcommit transaction[0m
  [1m[35mActiveRecord::SchemaMigration Load (0.1ms)[0m  SELECT "schema_migrations".* FROM "schema_migrations"
  [1m[36m (0.1ms)[0m  [1mbegin transaction[0m
  [1m[35mSQL (0.5ms)[0m  INSERT INTO "tests" ("created_at", "updated_at") VALUES (?, ?)  [["created_at", "2018-04-11 12:15:31.054466"], ["updated_at", "2018-04-11 12:15:31.054466"]]
  [1m[36m (15.0ms)[0m  [1mcommit transaction[0m
  [1m[35mTest Load (0.3ms)[0m  SELECT  "tests".* FROM "tests"  ORDER BY "tests"."id" ASC LIMIT 1
  [1m[36mTest Load (0.1ms)[0m  [1mSELECT  "tests".* FROM "tests"  ORDER BY "tests"."id" ASC LIMIT 1[0m
  [1m[35mTest Load (0.1ms)[0m  SELECT  "tests".* FROM "tests"  ORDER BY "tests"."id" ASC LIMIT 1
  [1m[36mTest Load (0.4ms)[0m  [1mSELECT  "tests".* FROM "tests"  ORDER BY "tests"."id" ASC LIMIT 1[0m
  [1m[35mTest Load (0.4ms)[0m  SELECT  "tests".* FROM "tests"  ORDER BY "tests"."id" ASC LIMIT 1
  [1m[36mTest Load (0.5ms)[0m  [1mSELECT  "tests".* FROM "tests"  ORDER BY "tests"."id" ASC LIMIT 1[0m
  [1m[35mTest Load (0.3ms)[0m  SELECT  "tests".* FROM "tests"  ORDER BY "tests"."id" ASC LIMIT 1
  [1m[36mTest Load (0.3ms)[0m  [1mSELECT  "tests".* FROM "tests"  ORDER BY "tests"."id" ASC LIMIT 1[0m
  [1m[35mTest Load (0.3ms)[0m  SELECT  "tests".* FROM "tests"  ORDER BY "tests"."id" ASC LIMIT 1
  [1m[36mTest Load (0.4ms)[0m  [1mSELECT  "tests".* FROM "tests"  ORDER BY "tests"."id" ASC LIMIT 1[0m
  [1m[35mTest Load (0.3ms)[0m  SELECT  "tests".* FROM "tests"  ORDER BY "tests"."id" ASC LIMIT 1
  [1m[36mTest Load (0.3ms)[0m  [1mSELECT  "tests".* FROM "tests"  ORDER BY "tests"."id" ASC LIMIT 1[0m
  [1m[35m (0.1ms)[0m  begin transaction
  [1m[36m (0.1ms)[0m  [1mcommit transaction[0m
  [1m[35mTest Load (0.4ms)[0m  SELECT  "tests".* FROM "tests"  ORDER BY "tests"."id" ASC LIMIT 1
  [1m[36mTest Load (0.4ms)[0m  [1mSELECT  "tests".* FROM "tests"  ORDER BY "tests"."id" ASC LIMIT 1[0m
  [1m[35mTest Load (0.4ms)[0m  SELECT  "tests".* FROM "tests"  ORDER BY "tests"."id" ASC LIMIT 1
  [1m[36mTest Load (0.2ms)[0m  [1mSELECT  "tests".* FROM "tests"  ORDER BY "tests"."id" ASC LIMIT 1[0m
  [1m[35mTest Load (0.4ms)[0m  SELECT  "tests".* FROM "tests"  ORDER BY "tests"."id" ASC LIMIT 1
  [1m[36m (0.1ms)[0m  [1mbegin transaction[0m
  [1m[35mSQL (0.5ms)[0m  UPDATE "tests" SET "active" = ?, "updated_at" = ? WHERE "tests"."id" = ?  [["active", "f"], ["updated_at", "2018-04-11 12:22:27.542506"], ["id", 1]]
  [1m[36m (16.1ms)[0m  [1mcommit transaction[0m
  [1m[35mTest Load (0.3ms)[0m  SELECT  "tests".* FROM "tests"  ORDER BY "tests"."id" ASC LIMIT 1
  [1m[36mTest Load (0.2ms)[0m  [1mSELECT  "tests".* FROM "tests"  ORDER BY "tests"."id" ASC LIMIT 1[0m
  [1m[35mTest Load (0.2ms)[0m  SELECT  "tests".* FROM "tests"  ORDER BY "tests"."id" ASC LIMIT 1
  [1m[36mTest Load (0.3ms)[0m  [1mSELECT  "tests".* FROM "tests"  ORDER BY "tests"."id" ASC LIMIT 1[0m
  [1m[35mTest Load (0.5ms)[0m  SELECT  "tests".* FROM "tests"  ORDER BY "tests"."id" ASC LIMIT 1
  [1m[36mTest Load (0.3ms)[0m  [1mSELECT  "tests".* FROM "tests"  ORDER BY "tests"."id" ASC LIMIT 1[0m
  [1m[35mTest Load (0.8ms)[0m  SELECT  "tests".* FROM "tests"  ORDER BY "tests"."id" ASC LIMIT 1
  [1m[36m (0.1ms)[0m  [1mbegin transaction[0m
  [1m[35m (0.1ms)[0m  commit transaction
  [1m[36mTest Load (0.5ms)[0m  [1mSELECT  "tests".* FROM "tests"  ORDER BY "tests"."id" ASC LIMIT 1[0m
  [1m[35mTest Load (0.4ms)[0m  SELECT  "tests".* FROM "tests"  ORDER BY "tests"."id" ASC LIMIT 1
  [1m[36mActiveRecord::SchemaMigration Load (0.2ms)[0m  [1mSELECT "schema_migrations".* FROM "schema_migrations"[0m
Migrating to Ashdb (20180411123226)
  [1m[35m (0.1ms)[0m  begin transaction
  [1m[36m (0.4ms)[0m  [1mCREATE TEMPORARY TABLE "atests" ("id" INTEGER PRIMARY KEY AUTOINCREMENT NOT NULL, "active" boolean, "created_at" datetime NOT NULL, "updated_at" datetime NOT NULL) [0m
  [1m[35m (0.1ms)[0m  SELECT * FROM "tests"
  [1m[36m (0.1ms)[0m  [1mINSERT INTO "atests" ("id","active","created_at","updated_at") VALUES (1, 'f', '2018-04-11 12:15:31.054466', '2018-04-11 12:22:27.542506')[0m
  [1m[35m (0.3ms)[0m  DROP TABLE "tests"
  [1m[36m (0.1ms)[0m  [1mCREATE TABLE "tests" ("id" INTEGER PRIMARY KEY AUTOINCREMENT NOT NULL, "active" integer, "created_at" datetime NOT NULL, "updated_at" datetime NOT NULL) [0m
  [1m[35m (0.0ms)[0m  SELECT * FROM "atests"
  [1m[36m (0.0ms)[0m  [1mINSERT INTO "tests" ("id","active","created_at","updated_at") VALUES (1, 'f', '2018-04-11 12:15:31.054466', '2018-04-11 12:22:27.542506')[0m
  [1m[35m (0.3ms)[0m  DROP TABLE "atests"
  [1m[36mSQL (0.2ms)[0m  [1mINSERT INTO "schema_migrations" ("version") VALUES (?)[0m  [["version", "20180411123226"]]
  [1m[35m (17.1ms)[0m  commit transaction
  [1m[36mActiveRecord::SchemaMigration Load (0.2ms)[0m  [1mSELECT "schema_migrations".* FROM "schema_migrations"[0m
  [1m[36mTest Load (0.2ms)[0m  [1mSELECT  "tests".* FROM "tests"  ORDER BY "tests"."id" ASC LIMIT 1[0m
  [1m[35mTest Load (0.3ms)[0m  SELECT  "tests".* FROM "tests"  ORDER BY "tests"."id" ASC LIMIT 1
  [1m[36m (0.1ms)[0m  [1mbegin transaction[0m
  [1m[35m (0.1ms)[0m  rollback transaction
  [1m[36mTest Load (0.3ms)[0m  [1mSELECT  "tests".* FROM "tests"  ORDER BY "tests"."id" ASC LIMIT 1[0m
  [1m[35m (0.1ms)[0m  begin transaction
  [1m[36m (0.2ms)[0m  [1mcommit transaction[0m
  [1m[35mTest Load (3.3ms)[0m  SELECT "tests".* FROM "tests" WHERE (active LIKE %t%)
  [1m[36mTest Load (0.8ms)[0m  [1mSELECT "tests".* FROM "tests" WHERE (active LIKE '%t%')[0m
  [1m[36m (17.9ms)[0m  [1mCREATE TABLE "schema_migrations" ("version" varchar NOT NULL) [0m
  [1m[35m (0.2ms)[0m  select sqlite_version(*)
  [1m[36m (15.0ms)[0m  [1mCREATE UNIQUE INDEX "unique_schema_migrations" ON "schema_migrations" ("version")[0m
  [1m[35mActiveRecord::SchemaMigration Load (0.1ms)[0m  SELECT "schema_migrations".* FROM "schema_migrations"
  [1m[36mActiveRecord::SchemaMigration Load (0.1ms)[0m  [1mSELECT "schema_migrations".* FROM "schema_migrations"[0m
Migrating to CreateUsers (20180411154715)
  [1m[35m (0.1ms)[0m  begin transaction
  [1m[36m (0.6ms)[0m  [1mCREATE TABLE "users" ("id" INTEGER PRIMARY KEY AUTOINCREMENT NOT NULL, "email" varchar NOT NULL, "status" varchar, "admin" boolean, "created_at" datetime NOT NULL, "updated_at" datetime NOT NULL) [0m
  [1m[35m (0.1ms)[0m  select sqlite_version(*)
  [1m[36m (0.1ms)[0m  [1mCREATE  INDEX "index_users_on_email" ON "users" ("email")[0m
  [1m[35mSQL (0.2ms)[0m  INSERT INTO "schema_migrations" ("version") VALUES (?)  [["version", "20180411154715"]]
  [1m[36m (16.0ms)[0m  [1mcommit transaction[0m
  [1m[35mActiveRecord::SchemaMigration Load (0.2ms)[0m  SELECT "schema_migrations".* FROM "schema_migrations"
  [1m[36m (0.1ms)[0m  [1m            SELECT sql
            FROM sqlite_master
            WHERE name='index_users_on_email' AND type='index'
            UNION ALL
            SELECT sql
            FROM sqlite_temp_master
            WHERE name='index_users_on_email' AND type='index'
[0m
  [1m[36mUser Load (0.4ms)[0m  [1mSELECT  "users".* FROM "users" WHERE "users"."email" = ? LIMIT 1[0m  [["email", "qwe"]]
  [1m[36mActiveRecord::SchemaMigration Load (0.1ms)[0m  [1mSELECT "schema_migrations".* FROM "schema_migrations"[0m
  [1m[35mUser Load (0.3ms)[0m  SELECT  "users".* FROM "users" WHERE "users"."email" = ? LIMIT 1  [["email", "qwe@qwe.com"]]
  [1m[36m (0.1ms)[0m  [1mbegin transaction[0m
  [1m[35mSQL (0.4ms)[0m  INSERT INTO "users" ("status", "email", "created_at", "updated_at") VALUES (?, ?, ?, ?)  [["status", "suspended"], ["email", "qwe@qwe.com"], ["created_at", "2018-04-11 16:01:39.177561"], ["updated_at", "2018-04-11 16:01:39.177561"]]
  [1m[36m (19.0ms)[0m  [1mcommit transaction[0m
  [1m[36mUser Load (0.3ms)[0m  [1mSELECT  "users".* FROM "users"  ORDER BY "users"."id" ASC LIMIT 1[0m
  [1m[36mActiveRecord::SchemaMigration Load (0.2ms)[0m  [1mSELECT "schema_migrations".* FROM "schema_migrations"[0m
  [1m[35mUser Load (0.3ms)[0m  SELECT  "users".* FROM "users" WHERE "users"."email" = ? LIMIT 1  [["email", "qwe@qwe.com"]]
  [1m[36m (0.3ms)[0m  [1mSELECT COUNT(*) FROM "users"[0m
  [1m[36mUser Load (0.3ms)[0m  [1mSELECT  "users".* FROM "users"  ORDER BY "users"."id" ASC LIMIT 1[0m
  [1m[35m (0.4ms)[0m  SELECT "users"."id", "users"."status" FROM "users"
  [1m[36mUser Load (0.5ms)[0m  [1mSELECT  "users".* FROM "users"  ORDER BY "users"."id" ASC LIMIT 1[0m
  [1m[36mActiveRecord::SchemaMigration Load (0.1ms)[0m  [1mSELECT "schema_migrations".* FROM "schema_migrations"[0m
Migrating to ChangeStatusToInteger (20180411162312)
  [1m[35m (0.1ms)[0m  begin transaction
  [1m[36m (0.1ms)[0m  [1mSELECT "users"."id", "users"."status" FROM "users"[0m
  [1m[35m (0.7ms)[0m  CREATE TEMPORARY TABLE "ausers" ("id" INTEGER PRIMARY KEY AUTOINCREMENT NOT NULL, "email" varchar NOT NULL, "status" varchar, "admin" boolean, "created_at" datetime NOT NULL, "updated_at" datetime NOT NULL) 
  [1m[36m (0.1ms)[0m  [1m            SELECT sql
            FROM sqlite_master
            WHERE name='index_users_on_email' AND type='index'
            UNION ALL
            SELECT sql
            FROM sqlite_temp_master
            WHERE name='index_users_on_email' AND type='index'
[0m
  [1m[35m (0.0ms)[0m  select sqlite_version(*)
  [1m[36m (0.1ms)[0m  [1mCREATE  INDEX "tindex_ausers_on_email" ON "ausers" ("email")[0m
  [1m[35m (0.0ms)[0m  SELECT * FROM "users"
  [1m[36m (0.1ms)[0m  [1mINSERT INTO "ausers" ("id","email","status","admin","created_at","updated_at") VALUES (1, 'qwe@qwe.com', 'suspended', NULL, '2018-04-11 16:01:39.177561', '2018-04-11 16:01:39.177561')[0m
  [1m[35m (0.4ms)[0m  DROP TABLE "users"
  [1m[36m (0.1ms)[0m  [1mCREATE TABLE "users" ("id" INTEGER PRIMARY KEY AUTOINCREMENT NOT NULL, "email" varchar NOT NULL, "status" integer DEFAULT 0 NOT NULL, "admin" boolean, "created_at" datetime NOT NULL, "updated_at" datetime NOT NULL) [0m
  [1m[35m (0.1ms)[0m              SELECT sql
            FROM sqlite_master
            WHERE name='tindex_ausers_on_email' AND type='index'
            UNION ALL
            SELECT sql
            FROM sqlite_temp_master
            WHERE name='tindex_ausers_on_email' AND type='index'

  [1m[36m (0.1ms)[0m  [1mCREATE  INDEX "index_users_on_email" ON "users" ("email")[0m
  [1m[35m (0.1ms)[0m  SELECT * FROM "ausers"
  [1m[36m (0.1ms)[0m  [1mINSERT INTO "users" ("id","email","status","admin","created_at","updated_at") VALUES (1, 'qwe@qwe.com', 'suspended', NULL, '2018-04-11 16:01:39.177561', '2018-04-11 16:01:39.177561')[0m
  [1m[35m (0.3ms)[0m  DROP TABLE "ausers"
  [1m[36mUser Load (0.2ms)[0m  [1mSELECT  "users".* FROM "users" WHERE "users"."id" = ? LIMIT 1[0m  [["id", 1]]
  [1m[35mSQL (0.4ms)[0m  UPDATE "users" SET "status" = ?, "updated_at" = ? WHERE "users"."id" = ?  [["status", "1"], ["updated_at", "2018-04-11 16:36:09.572674"], ["id", 1]]
  [1m[36mSQL (0.2ms)[0m  [1mINSERT INTO "schema_migrations" ("version") VALUES (?)[0m  [["version", "20180411162312"]]
  [1m[35m (18.4ms)[0m  commit transaction
  [1m[36mActiveRecord::SchemaMigration Load (0.2ms)[0m  [1mSELECT "schema_migrations".* FROM "schema_migrations"[0m
  [1m[35m (0.1ms)[0m              SELECT sql
            FROM sqlite_master
            WHERE name='index_users_on_email' AND type='index'
            UNION ALL
            SELECT sql
            FROM sqlite_temp_master
            WHERE name='index_users_on_email' AND type='index'

  [1m[36mUser Load (0.2ms)[0m  [1mSELECT  "users".* FROM "users"  ORDER BY "users"."id" ASC LIMIT 1[0m
  [1m[35mUser Load (0.4ms)[0m  SELECT  "users".* FROM "users"  ORDER BY "users"."id" ASC LIMIT 1
  [1m[36mUser Load (0.3ms)[0m  [1mSELECT  "users".* FROM "users"  ORDER BY "users"."id" ASC LIMIT 1[0m
  [1m[36mUser Load (0.2ms)[0m  [1mSELECT  "users".* FROM "users"  ORDER BY "users"."id" ASC LIMIT 1[0m
  [1m[36mActiveRecord::SchemaMigration Load (0.1ms)[0m  [1mSELECT "schema_migrations".* FROM "schema_migrations"[0m
Migrating to ChangeAdminConstraints (20180411164317)
  [1m[35m (0.1ms)[0m  begin transaction
  [1m[36mSQL (0.3ms)[0m  [1mUPDATE "users" SET "admin" = 'f' WHERE "users"."admin" IS NULL[0m
  [1m[35m (5.1ms)[0m  CREATE TEMPORARY TABLE "ausers" ("id" INTEGER PRIMARY KEY AUTOINCREMENT NOT NULL, "email" varchar NOT NULL, "status" integer DEFAULT 0 NOT NULL, "admin" boolean, "created_at" datetime NOT NULL, "updated_at" datetime NOT NULL) 
  [1m[36m (0.1ms)[0m  [1m            SELECT sql
            FROM sqlite_master
            WHERE name='index_users_on_email' AND type='index'
            UNION ALL
            SELECT sql
            FROM sqlite_temp_master
            WHERE name='index_users_on_email' AND type='index'
[0m
  [1m[35m (0.0ms)[0m  select sqlite_version(*)
  [1m[36m (0.1ms)[0m  [1mCREATE  INDEX "tindex_ausers_on_email" ON "ausers" ("email")[0m
  [1m[35m (0.0ms)[0m  SELECT * FROM "users"
  [1m[36m (0.1ms)[0m  [1mINSERT INTO "ausers" ("id","email","status","admin","created_at","updated_at") VALUES (1, 'qwe@qwe.com', 1, 'f', '2018-04-11 16:01:39.177561', '2018-04-11 16:36:09.572674')[0m
  [1m[35m (0.4ms)[0m  DROP TABLE "users"
  [1m[36m (0.1ms)[0m  [1mCREATE TABLE "users" ("id" INTEGER PRIMARY KEY AUTOINCREMENT NOT NULL, "email" varchar NOT NULL, "status" integer DEFAULT 0 NOT NULL, "admin" boolean DEFAULT 'f' NOT NULL, "created_at" datetime NOT NULL, "updated_at" datetime NOT NULL) [0m
  [1m[35m (0.1ms)[0m              SELECT sql
            FROM sqlite_master
            WHERE name='tindex_ausers_on_email' AND type='index'
            UNION ALL
            SELECT sql
            FROM sqlite_temp_master
            WHERE name='tindex_ausers_on_email' AND type='index'

  [1m[36m (0.1ms)[0m  [1mCREATE  INDEX "index_users_on_email" ON "users" ("email")[0m
  [1m[35m (0.1ms)[0m  SELECT * FROM "ausers"
  [1m[36m (0.0ms)[0m  [1mINSERT INTO "users" ("id","email","status","admin","created_at","updated_at") VALUES (1, 'qwe@qwe.com', 1, 'f', '2018-04-11 16:01:39.177561', '2018-04-11 16:36:09.572674')[0m
  [1m[35m (0.4ms)[0m  DROP TABLE "ausers"
  [1m[36mSQL (0.3ms)[0m  [1mINSERT INTO "schema_migrations" ("version") VALUES (?)[0m  [["version", "20180411164317"]]
  [1m[35m (19.0ms)[0m  commit transaction
  [1m[36mActiveRecord::SchemaMigration Load (0.1ms)[0m  [1mSELECT "schema_migrations".* FROM "schema_migrations"[0m
  [1m[35m (0.1ms)[0m              SELECT sql
            FROM sqlite_master
            WHERE name='index_users_on_email' AND type='index'
            UNION ALL
            SELECT sql
            FROM sqlite_temp_master
            WHERE name='index_users_on_email' AND type='index'

  [1m[36mActiveRecord::SchemaMigration Load (0.1ms)[0m  [1mSELECT "schema_migrations".* FROM "schema_migrations"[0m
Migrating to AddTokenToUser (20180415133437)
  [1m[35m (0.1ms)[0m  begin transaction
  [1m[36m (0.4ms)[0m  [1mALTER TABLE "users" ADD "token" varchar[0m
  [1m[35mSQL (0.2ms)[0m  INSERT INTO "schema_migrations" ("version") VALUES (?)  [["version", "20180415133437"]]
  [1m[36m (13.1ms)[0m  [1mcommit transaction[0m
  [1m[35mActiveRecord::SchemaMigration Load (0.1ms)[0m  SELECT "schema_migrations".* FROM "schema_migrations"
  [1m[36m (0.1ms)[0m  [1m            SELECT sql
            FROM sqlite_master
            WHERE name='index_users_on_email' AND type='index'
            UNION ALL
            SELECT sql
            FROM sqlite_temp_master
            WHERE name='index_users_on_email' AND type='index'
[0m
  [1m[36m (13.1ms)[0m  [1mDROP TABLE "users"[0m
  [1m[35m (12.6ms)[0m  CREATE TABLE "users" ("id" INTEGER PRIMARY KEY AUTOINCREMENT NOT NULL, "email" varchar NOT NULL, "status" integer DEFAULT 0 NOT NULL, "admin" boolean DEFAULT 'f' NOT NULL, "created_at" datetime NOT NULL, "updated_at" datetime NOT NULL, "token" varchar) 
  [1m[36m (0.2ms)[0m  [1mselect sqlite_version(*)[0m
  [1m[35m (12.9ms)[0m  CREATE  INDEX "index_users_on_email" ON "users" ("email")
  [1m[36m (0.1ms)[0m  [1mSELECT version FROM "schema_migrations"[0m
  [1m[35m (12.5ms)[0m  CREATE TABLE "users" ("id" INTEGER PRIMARY KEY AUTOINCREMENT NOT NULL, "email" varchar NOT NULL, "status" integer DEFAULT 0 NOT NULL, "admin" boolean DEFAULT 'f' NOT NULL, "created_at" datetime NOT NULL, "updated_at" datetime NOT NULL, "token" varchar) 
  [1m[36m (0.1ms)[0m  [1mselect sqlite_version(*)[0m
  [1m[35m (11.8ms)[0m  CREATE  INDEX "index_users_on_email" ON "users" ("email")
  [1m[36m (12.5ms)[0m  [1mCREATE TABLE "schema_migrations" ("version" varchar NOT NULL) [0m
  [1m[35m (14.3ms)[0m  CREATE UNIQUE INDEX "unique_schema_migrations" ON "schema_migrations" ("version")
  [1m[36m (0.2ms)[0m  [1mSELECT version FROM "schema_migrations"[0m
  [1m[35m (13.0ms)[0m  INSERT INTO "schema_migrations" (version) VALUES ('20180415133437')
  [1m[36m (12.8ms)[0m  [1mINSERT INTO "schema_migrations" (version) VALUES ('20180411154715')[0m
  [1m[35m (12.6ms)[0m  INSERT INTO "schema_migrations" (version) VALUES ('20180411162312')
  [1m[36m (12.7ms)[0m  [1mINSERT INTO "schema_migrations" (version) VALUES ('20180411164317')[0m
  [1m[35mActiveRecord::SchemaMigration Load (0.1ms)[0m  SELECT "schema_migrations".* FROM "schema_migrations"
  [1m[36mUser Load (0.3ms)[0m  [1mSELECT  "users".* FROM "users" WHERE "users"."email" = ? LIMIT 1[0m  [["email", "qwe@qwe.com"]]
  [1m[35m (0.1ms)[0m  begin transaction
  [1m[36m (0.2ms)[0m  [1mrollback transaction[0m
  [1m[36m (14.9ms)[0m  [1mDROP TABLE "users"[0m
  [1m[35m (14.4ms)[0m  CREATE TABLE "users" ("id" INTEGER PRIMARY KEY AUTOINCREMENT NOT NULL, "email" varchar NOT NULL, "status" integer DEFAULT 0 NOT NULL, "admin" boolean DEFAULT 'f' NOT NULL, "created_at" datetime NOT NULL, "updated_at" datetime NOT NULL, "token" varchar) 
  [1m[36m (0.3ms)[0m  [1mselect sqlite_version(*)[0m
  [1m[35m (15.0ms)[0m  CREATE  INDEX "index_users_on_email" ON "users" ("email")
  [1m[36m (0.1ms)[0m  [1mSELECT version FROM "schema_migrations"[0m
  [1m[35m (14.0ms)[0m  DROP TABLE "users"
  [1m[36m (12.6ms)[0m  [1mCREATE TABLE "users" ("id" INTEGER PRIMARY KEY AUTOINCREMENT NOT NULL, "email" varchar NOT NULL, "status" integer DEFAULT 0 NOT NULL, "admin" boolean DEFAULT 'f' NOT NULL, "created_at" datetime NOT NULL, "updated_at" datetime NOT NULL, "token" varchar) [0m
  [1m[35m (0.1ms)[0m  select sqlite_version(*)
  [1m[36m (12.6ms)[0m  [1mCREATE  INDEX "index_users_on_email" ON "users" ("email")[0m
  [1m[35m (0.1ms)[0m  SELECT version FROM "schema_migrations"
  [1m[36mActiveRecord::SchemaMigration Load (0.1ms)[0m  [1mSELECT "schema_migrations".* FROM "schema_migrations"[0m
  [1m[35mUser Load (0.3ms)[0m  SELECT  "users".* FROM "users" WHERE "users"."email" = ? LIMIT 1  [["email", "qwe@qwe.com"]]
  [1m[36m (0.1ms)[0m  [1mbegin transaction[0m
  [1m[35m (0.1ms)[0m  rollback transaction
  [1m[36mUser Load (0.1ms)[0m  [1mSELECT  "users".* FROM "users" WHERE "users"."email" = ? LIMIT 1[0m  [["email", "qwe@qwe.com"]]
  [1m[35m (0.1ms)[0m  begin transaction
  [1m[36mSQL (0.4ms)[0m  [1mINSERT INTO "users" ("status", "token", "email", "created_at", "updated_at") VALUES (?, ?, ?, ?, ?)[0m  [["status", 1], ["token", "etoken"], ["email", "qwe@qwe.com"], ["created_at", "2018-04-15 13:49:53.656640"], ["updated_at", "2018-04-15 13:49:53.656640"]]
  [1m[35m (13.9ms)[0m  commit transaction
  [1m[36mActiveRecord::SchemaMigration Load (0.1ms)[0m  [1mSELECT "schema_migrations".* FROM "schema_migrations"[0m
Migrating to SpecialMigration (20180415135419)
  [1m[35m (0.1ms)[0m  begin transaction
  [1m[36m (0.0ms)[0m  [1mrollback transaction[0m
  [1m[36mActiveRecord::SchemaMigration Load (0.1ms)[0m  [1mSELECT "schema_migrations".* FROM "schema_migrations"[0m
Migrating to SpecialMigration (20180415135419)
  [1m[35m (0.1ms)[0m  begin transaction
  [1m[36m (0.1ms)[0m  [1mrollback transaction[0m
  [1m[36mActiveRecord::SchemaMigration Load (0.1ms)[0m  [1mSELECT "schema_migrations".* FROM "schema_migrations"[0m
Migrating to SpecialMigration (20180415135419)
  [1m[35m (0.1ms)[0m  begin transaction
  [1m[36mSpecialMigration::User Load (0.2ms)[0m  [1mSELECT "users".* FROM "users" WHERE "users"."token" IS NULL[0m
  [1m[35m (0.1ms)[0m  select sqlite_version(*)
  [1m[36m (0.1ms)[0m  [1m            SELECT sql
            FROM sqlite_master
            WHERE name='index_users_on_email' AND type='index'
            UNION ALL
            SELECT sql
            FROM sqlite_temp_master
            WHERE name='index_users_on_email' AND type='index'
[0m
  [1m[35m (0.4ms)[0m  CREATE  INDEX "index_users_on_token" ON "users" ("token")
  [1m[36mSQL (0.2ms)[0m  [1mINSERT INTO "schema_migrations" ("version") VALUES (?)[0m  [["version", "20180415135419"]]
  [1m[35m (14.5ms)[0m  commit transaction
  [1m[36mActiveRecord::SchemaMigration Load (0.1ms)[0m  [1mSELECT "schema_migrations".* FROM "schema_migrations"[0m
  [1m[35m (0.1ms)[0m              SELECT sql
            FROM sqlite_master
            WHERE name='index_users_on_token' AND type='index'
            UNION ALL
            SELECT sql
            FROM sqlite_temp_master
            WHERE name='index_users_on_token' AND type='index'

  [1m[36m (0.1ms)[0m  [1m            SELECT sql
            FROM sqlite_master
            WHERE name='index_users_on_email' AND type='index'
            UNION ALL
            SELECT sql
            FROM sqlite_temp_master
            WHERE name='index_users_on_email' AND type='index'
[0m
